d:\repo\sternalite\sterna\release\moc_chelperclass.cpp
d:\repo\sternalite\sterna\release\moc_qanalitikaartikli.cpp
d:\repo\sternalite\sterna\release\moc_qanalitikaartikliwidget.cpp
d:\repo\sternalite\sterna\release\moc_qanalitikakomintenti.cpp
d:\repo\sternalite\sterna\release\moc_qanalitikakomintentiwidget.cpp
d:\repo\sternalite\sterna\release\moc_qemployekorekcija.cpp
d:\repo\sternalite\sterna\release\moc_qemployelista.cpp
d:\repo\sternalite\sterna\release\moc_qemployevnes.cpp
d:\repo\sternalite\sterna\release\moc_qfinanalitikakomintenti.cpp
d:\repo\sternalite\sterna\release\moc_qfinanalitikakomintentiwidget.cpp
d:\repo\sternalite\sterna\release\moc_qpriem.cpp
d:\repo\sternalite\sterna\release\moc_qpriemwidget.cpp
d:\repo\sternalite\sterna\release\moc_qartiklikorekcija.cpp
d:\repo\sternalite\sterna\release\moc_qartiklivnes.cpp
d:\repo\sternalite\sterna\release\moc_qbanki.cpp
d:\repo\sternalite\sterna\release\moc_qbankikorekcija.cpp
d:\repo\sternalite\sterna\release\moc_qbankilista.cpp
d:\repo\sternalite\sterna\release\moc_qbankivnes.cpp
d:\repo\sternalite\sterna\release\moc_qddv.cpp
d:\repo\sternalite\sterna\release\moc_qddvkorekcija.cpp
d:\repo\sternalite\sterna\release\moc_qddvlista.cpp
d:\repo\sternalite\sterna\release\moc_qddvvnes.cpp
d:\repo\sternalite\sterna\release\moc_qdnevenpromet.cpp
d:\repo\sternalite\sterna\release\moc_qdnevenprometwidget.cpp
d:\repo\sternalite\sterna\release\moc_qfakturikorekcija.cpp
d:\repo\sternalite\sterna\release\moc_qfakturilista.cpp
d:\repo\sternalite\sterna\release\moc_qfakturivlezni.cpp
d:\repo\sternalite\sterna\release\moc_qfakturivnes.cpp
d:\repo\sternalite\sterna\release\moc_qfiscalform.cpp
d:\repo\sternalite\sterna\release\moc_qizjavakorekcija.cpp
d:\repo\sternalite\sterna\release\moc_qizjavalista.cpp
d:\repo\sternalite\sterna\release\moc_qizjavavnes.cpp
d:\repo\sternalite\sterna\release\moc_qizleznifaktmasterkorekcija.cpp
d:\repo\sternalite\sterna\release\moc_qizleznifaktmasterlista.cpp
d:\repo\sternalite\sterna\release\moc_qizleznifaktmastervnes.cpp
d:\repo\sternalite\sterna\release\moc_qizleznifakturikorekcija.cpp
d:\repo\sternalite\sterna\release\moc_qizleznifakturilista.cpp
d:\repo\sternalite\sterna\release\moc_qizleznifakturivnes.cpp
d:\repo\sternalite\sterna\release\moc_qizlezniispratnicikorekcija.cpp
d:\repo\sternalite\sterna\release\moc_qizlezniispratnicilista.cpp
d:\repo\sternalite\sterna\release\moc_qizlezniispratnicivnes.cpp
d:\repo\sternalite\sterna\release\moc_qizleznipopismasterkorekcija.cpp
d:\repo\sternalite\sterna\release\moc_qizleznipopismasterlista.cpp
d:\repo\sternalite\sterna\release\moc_qizleznipopismastervnes.cpp
d:\repo\sternalite\sterna\release\moc_qizleznipovratnicamasterkorekcija.cpp
d:\repo\sternalite\sterna\release\moc_qizleznipovratnicamasterlista.cpp
d:\repo\sternalite\sterna\release\moc_qizleznipovratnicamastervnes.cpp
d:\repo\sternalite\sterna\release\moc_qizleznismetkikorekcija.cpp
d:\repo\sternalite\sterna\release\moc_qizleznismetkilista.cpp
d:\repo\sternalite\sterna\release\moc_qizleznismetkivnes.cpp
d:\repo\sternalite\sterna\release\moc_qizvestai.cpp
d:\repo\sternalite\sterna\release\moc_qizvestaiwidget.cpp
d:\repo\sternalite\sterna\release\moc_qizvod.cpp
d:\repo\sternalite\sterna\release\moc_qizvodkorekcija.cpp
d:\repo\sternalite\sterna\release\moc_qizvodlista.cpp
d:\repo\sternalite\sterna\release\moc_qizvodvnes.cpp
d:\repo\sternalite\sterna\release\moc_qkalkulacijakorekcija.cpp
d:\repo\sternalite\sterna\release\moc_qkalkulacijalagerlista.cpp
d:\repo\sternalite\sterna\release\moc_qkalkulacijalista.cpp
d:\repo\sternalite\sterna\release\moc_qkalkulacijavnes.cpp
d:\repo\sternalite\sterna\release\moc_qkarticawidget.cpp
d:\repo\sternalite\sterna\release\moc_qkartici.cpp
d:\repo\sternalite\sterna\release\moc_qkasakorekcija.cpp
d:\repo\sternalite\sterna\release\moc_qkasalista.cpp
d:\repo\sternalite\sterna\release\moc_qkasavnes.cpp
d:\repo\sternalite\sterna\release\moc_qkomintentianalitika.cpp
d:\repo\sternalite\sterna\release\moc_qkomintentianalitikawidget.cpp
d:\repo\sternalite\sterna\release\moc_qkomintentikorekcija.cpp
d:\repo\sternalite\sterna\release\moc_qkomintentilista.cpp
d:\repo\sternalite\sterna\release\moc_qkomintentivnes.cpp
d:\repo\sternalite\sterna\release\moc_qlager.cpp
d:\repo\sternalite\sterna\release\moc_qlagerwidget.cpp
d:\repo\sternalite\sterna\release\moc_qleft.cpp
d:\repo\sternalite\sterna\release\moc_qmyemploye.cpp
d:\repo\sternalite\sterna\release\moc_qmyartikli.cpp
d:\repo\sternalite\sterna\release\moc_qmyartiklilista.cpp
d:\repo\sternalite\sterna\release\moc_qmybaseformwidget.cpp
d:\repo\sternalite\sterna\release\moc_qmybasewidget.cpp
d:\repo\sternalite\sterna\release\moc_qmyfaktmaster.cpp
d:\repo\sternalite\sterna\release\moc_qmyfakturi.cpp
d:\repo\sternalite\sterna\release\moc_qmyispratnici.cpp
d:\repo\sternalite\sterna\release\moc_qmyizjava.cpp
d:\repo\sternalite\sterna\release\moc_qmykalkulacija.cpp
d:\repo\sternalite\sterna\release\moc_qmykasa.cpp
d:\repo\sternalite\sterna\release\moc_qmykomintenti.cpp
d:\repo\sternalite\sterna\release\moc_qmyodobrenie.cpp
d:\repo\sternalite\sterna\release\moc_qmypopismaster.cpp
d:\repo\sternalite\sterna\release\moc_qmyporackismetki.cpp
d:\repo\sternalite\sterna\release\moc_qmypovratnica.cpp
d:\repo\sternalite\sterna\release\moc_qmypovratnicamaster.cpp
d:\repo\sternalite\sterna\release\moc_qmypriemnica.cpp
d:\repo\sternalite\sterna\release\moc_qmyprofakturimaster.cpp
d:\repo\sternalite\sterna\release\moc_qmysmetki.cpp
d:\repo\sternalite\sterna\release\moc_qodobreniekorekcija.cpp
d:\repo\sternalite\sterna\release\moc_qodobrenielista.cpp
d:\repo\sternalite\sterna\release\moc_qodobrenievnes.cpp
d:\repo\sternalite\sterna\release\moc_qperiodicenizvestaj.cpp
d:\repo\sternalite\sterna\release\moc_qperiodicenizvestajwidget.cpp
d:\repo\sternalite\sterna\release\moc_qporackismetkikorekcija.cpp
d:\repo\sternalite\sterna\release\moc_qporackismetkilista.cpp
d:\repo\sternalite\sterna\release\moc_qporackismetkivnes.cpp
d:\repo\sternalite\sterna\release\moc_qpovratnicakorekcija.cpp
d:\repo\sternalite\sterna\release\moc_qpovratnicalista.cpp
d:\repo\sternalite\sterna\release\moc_qpovratnicavnes.cpp
d:\repo\sternalite\sterna\release\moc_qpriemnicakorekcija.cpp
d:\repo\sternalite\sterna\release\moc_qpriemnicalista.cpp
d:\repo\sternalite\sterna\release\moc_qpriemnicavnes.cpp
d:\repo\sternalite\sterna\release\moc_qprofakturakorekcija.cpp
d:\repo\sternalite\sterna\release\moc_qprofakturalista.cpp
d:\repo\sternalite\sterna\release\moc_qprofakturavnes.cpp
d:\repo\sternalite\sterna\release\moc_qprofakturi.cpp
d:\repo\sternalite\sterna\release\moc_qprofakturimasterkorekcija.cpp
d:\repo\sternalite\sterna\release\moc_qprofakturimasterlista.cpp
d:\repo\sternalite\sterna\release\moc_qprofakturimastervnes.cpp
d:\repo\sternalite\sterna\release\moc_qpromenaceni.cpp
d:\repo\sternalite\sterna\release\moc_qpromenaceniwidget.cpp
d:\repo\sternalite\sterna\release\moc_qsearchform.cpp
d:\repo\sternalite\sterna\release\moc_qsearchformfaktura.cpp
d:\repo\sternalite\sterna\release\moc_qstablewidgetdelegate.cpp
d:\repo\sternalite\sterna\release\moc_quserform.cpp
d:\repo\sternalite\sterna\release\moc_sterna.cpp
d:\repo\sternalite\sterna\release\qrc_sterna.cpp
d:\repo\sternalite\sterna\ui_qanalitikaartikli.h
d:\repo\sternalite\sterna\ui_qanalitikaartikliwidget.h
d:\repo\sternalite\sterna\ui_qanalitikakomintenti.h
d:\repo\sternalite\sterna\ui_qanalitikakomintentiwidget.h
d:\repo\sternalite\sterna\ui_qemployeivnes.h
d:\repo\sternalite\sterna\ui_qemployekorekcija.h
d:\repo\sternalite\sterna\ui_qemployelista.h
d:\repo\sternalite\sterna\ui_qfinanalitikakomintenti.h
d:\repo\sternalite\sterna\ui_qfinanalitikakomintentiwidget.h
d:\repo\sternalite\sterna\ui_qpriemwidget.h
d:\repo\sternalite\sterna\ui_qartiklikorekcija.h
d:\repo\sternalite\sterna\ui_qartiklivnes.h
d:\repo\sternalite\sterna\ui_qbanki.h
d:\repo\sternalite\sterna\ui_qbankikorekcija.h
d:\repo\sternalite\sterna\ui_qbankilista.h
d:\repo\sternalite\sterna\ui_qbankivnes.h
d:\repo\sternalite\sterna\ui_qddv.h
d:\repo\sternalite\sterna\ui_qddvkorekcija.h
d:\repo\sternalite\sterna\ui_qddvlista.h
d:\repo\sternalite\sterna\ui_qddvvnes.h
d:\repo\sternalite\sterna\ui_qdnevenpromet.h
d:\repo\sternalite\sterna\ui_qdnevenprometwidget.h
d:\repo\sternalite\sterna\ui_qfakturikorekcija.h
d:\repo\sternalite\sterna\ui_qfakturilista.h
d:\repo\sternalite\sterna\ui_qfakturivlezni.h
d:\repo\sternalite\sterna\ui_qfakturivnes.h
d:\repo\sternalite\sterna\ui_qfiscalform.h
d:\repo\sternalite\sterna\ui_qizjavakorekcija.h
d:\repo\sternalite\sterna\ui_qizjavalista.h
d:\repo\sternalite\sterna\ui_qizjavavnes.h
d:\repo\sternalite\sterna\ui_qizleznifaktmasterkorekcija.h
d:\repo\sternalite\sterna\ui_qizleznifaktmasterlista.h
d:\repo\sternalite\sterna\ui_qizleznifaktmastervnes.h
d:\repo\sternalite\sterna\ui_qizleznifakturikorekcija.h
d:\repo\sternalite\sterna\ui_qizleznifakturilista.h
d:\repo\sternalite\sterna\ui_qizleznifakturivnes.h
d:\repo\sternalite\sterna\ui_qizlezniispratnicikorekcija.h
d:\repo\sternalite\sterna\ui_qizlezniispratnicilista.h
d:\repo\sternalite\sterna\ui_qizlezniispratnicivnes.h
d:\repo\sternalite\sterna\ui_qizleznipopismasterkorekcija.h
d:\repo\sternalite\sterna\ui_qizleznipopismasterlista.h
d:\repo\sternalite\sterna\ui_qizleznipopismastervnes.h
d:\repo\sternalite\sterna\ui_qizleznipovratnicamasterkorekcija.h
d:\repo\sternalite\sterna\ui_qizleznipovratnicamasterlista.h
d:\repo\sternalite\sterna\ui_qizleznipovratnicamastervnes.h
d:\repo\sternalite\sterna\ui_qizleznismetkiivnes.h
d:\repo\sternalite\sterna\ui_qizleznismetkikorekcija.h
d:\repo\sternalite\sterna\ui_qizleznismetkilista.h
d:\repo\sternalite\sterna\ui_qizvestai.h
d:\repo\sternalite\sterna\ui_qizvestaiwidget.h
d:\repo\sternalite\sterna\ui_qizvod.h
d:\repo\sternalite\sterna\ui_qizvodkorekcija.h
d:\repo\sternalite\sterna\ui_qizvodlista.h
d:\repo\sternalite\sterna\ui_qizvodvnes.h
d:\repo\sternalite\sterna\ui_qkalkulacijakorekcija.h
d:\repo\sternalite\sterna\ui_qkalkulacijalagerlista.h
d:\repo\sternalite\sterna\ui_qkalkulacijalista.h
d:\repo\sternalite\sterna\ui_qkalkulacijavnes.h
d:\repo\sternalite\sterna\ui_qkarticawidget.h
d:\repo\sternalite\sterna\ui_qkartici.h
d:\repo\sternalite\sterna\ui_qkasakorekcija.h
d:\repo\sternalite\sterna\ui_qkasalista.h
d:\repo\sternalite\sterna\ui_qkasavnes.h
d:\repo\sternalite\sterna\ui_qkomintentianalitika.h
d:\repo\sternalite\sterna\ui_qkomintentianalitikawidget.h
d:\repo\sternalite\sterna\ui_qkomintentikorekcija.h
d:\repo\sternalite\sterna\ui_qkomintentilista.h
d:\repo\sternalite\sterna\ui_qkomintentivnes.h
d:\repo\sternalite\sterna\ui_qlager.h
d:\repo\sternalite\sterna\ui_qlagerwidget.h
d:\repo\sternalite\sterna\ui_qleft.h
d:\repo\sternalite\sterna\ui_qmyemploye.h
d:\repo\sternalite\sterna\ui_qmyartikli.h
d:\repo\sternalite\sterna\ui_qmyartiklilista.h
d:\repo\sternalite\sterna\ui_qmybaseformwidget.h
d:\repo\sternalite\sterna\ui_qmybasewidget.h
d:\repo\sternalite\sterna\ui_qmyfaktmaster.h
d:\repo\sternalite\sterna\ui_qmyfakturi.h
d:\repo\sternalite\sterna\ui_qmyispratnici.h
d:\repo\sternalite\sterna\ui_qmyizjava.h
d:\repo\sternalite\sterna\ui_qmykalkulacija.h
d:\repo\sternalite\sterna\ui_qmykasa.h
d:\repo\sternalite\sterna\ui_qmykomintenti.h
d:\repo\sternalite\sterna\ui_qmyodobrenie.h
d:\repo\sternalite\sterna\ui_qmypopismaster.h
d:\repo\sternalite\sterna\ui_qmyporackismetki.h
d:\repo\sternalite\sterna\ui_qmypovratnica.h
d:\repo\sternalite\sterna\ui_qmypovratnicamaster.h
d:\repo\sternalite\sterna\ui_qmypriemnica.h
d:\repo\sternalite\sterna\ui_qmyprofakturimaster.h
d:\repo\sternalite\sterna\ui_qmysmetki.h
d:\repo\sternalite\sterna\ui_qodobreniekorekcija.h
d:\repo\sternalite\sterna\ui_qodobrenielista.h
d:\repo\sternalite\sterna\ui_qodobrenievnes.h
d:\repo\sternalite\sterna\ui_qperiodicenizvestaj.h
d:\repo\sternalite\sterna\ui_qperiodicenizvestajwidget.h
d:\repo\sternalite\sterna\ui_qporackismetkiivnes.h
d:\repo\sternalite\sterna\ui_qporackismetkikorekcija.h
d:\repo\sternalite\sterna\ui_qporackismetkilista.h
d:\repo\sternalite\sterna\ui_qpovratnicakorekcija.h
d:\repo\sternalite\sterna\ui_qpovratnicalista.h
d:\repo\sternalite\sterna\ui_qpovratnicavnes.h
d:\repo\sternalite\sterna\ui_qpriemnicakorekcija.h
d:\repo\sternalite\sterna\ui_qpriemnicalista.h
d:\repo\sternalite\sterna\ui_qpriemnicavnes.h
d:\repo\sternalite\sterna\ui_qprofakturakorekcija.h
d:\repo\sternalite\sterna\ui_qprofakturalista.h
d:\repo\sternalite\sterna\ui_qprofakturavnes.h
d:\repo\sternalite\sterna\ui_qprofakturi.h
d:\repo\sternalite\sterna\ui_qprofakturimasterkorekcija.h
d:\repo\sternalite\sterna\ui_qprofakturimasterlista.h
d:\repo\sternalite\sterna\ui_qprofakturimastervnes.h
d:\repo\sternalite\sterna\ui_qpromenaceni.h
d:\repo\sternalite\sterna\ui_qpromenaceniwidget.h
d:\repo\sternalite\sterna\ui_qsearchform.h
d:\repo\sternalite\sterna\ui_qsearchformfaktura.h
d:\repo\sternalite\sterna\ui_quserform.h
d:\repo\sternalite\sterna\ui_sterna.h
d:\repo\sternalite\sterna\release\sterna.tlog\moc.read.1u.tlog
d:\repo\sternalite\sterna\release\sterna.tlog\moc.write.1u.tlog
d:\repo\sternalite\sterna\release\sterna.tlog\rcc.read.1u.tlog
d:\repo\sternalite\sterna\release\sterna.tlog\rcc.write.1u.tlog
d:\repo\sternalite\sterna\release\sterna.tlog\sterna.write.1u.tlog
