  Generate moc_predefs.h
   Qt/MSBuild: 3.3.1.1
  Reading Qt configuration (D:/Qt/6.8.2/msvc2022_64/bin/qmake)
   Qt: 6.8.2
  Uic'ing qAnalitikaArtikli.ui...
  Uic'ing qAnalitikaArtikliwidget.ui...
  Uic'ing qAnalitikaKomintenti.ui...
  Uic'ing qAnalitikaKomintentiwidget.ui...
  Uic'ing qEmployeivnes.ui...
  Uic'ing qEmployekorekcija.ui...
  Uic'ing qEmployelista.ui...
  Uic'ing qFinAnalitikaKomintenti.ui...
  Uic'ing qFinAnalitikaKomintentiwidget.ui...
  Uic'ing qPriemwidget.ui...
  Uic'ing qartiklikorekcija.ui...
  Uic'ing qartiklivnes.ui...
  Uic'ing qbanki.ui...
  Uic'ing qbankikorekcija.ui...
  Uic'ing qbankilista.ui...
  Uic'ing qbankivnes.ui...
  Uic'ing qddv.ui...
  Uic'ing qddvkorekcija.ui...
  Uic'ing qddvlista.ui...
  Uic'ing qddvvnes.ui...
  Uic'ing qdnevenpromet.ui...
  Uic'ing qdnevenprometwidget.ui...
  Uic'ing qfakturikorekcija.ui...
  Uic'ing qfakturilista.ui...
  Uic'ing qfakturivlezni.ui...
  Uic'ing qfakturivnes.ui...
  Uic'ing qfiscalform.ui...
  Uic'ing qizjavakorekcija.ui...
  Uic'ing qizjavalista.ui...
  Uic'ing qizjavavnes.ui...
  Uic'ing qizleznifaktmasterkorekcija.ui...
  Uic'ing qizleznifaktmasterlista.ui...
  Uic'ing qizleznifaktmastervnes.ui...
  Uic'ing qizleznifakturikorekcija.ui...
  Uic'ing qizleznifakturilista.ui...
  Uic'ing qizleznifakturivnes.ui...
  Uic'ing qizlezniispratnicikorekcija.ui...
  Uic'ing qizlezniispratnicilista.ui...
  Uic'ing qizlezniispratnicivnes.ui...
  Uic'ing qizleznipopismasterkorekcija.ui...
  Uic'ing qizleznipopismasterlista.ui...
  Uic'ing qizleznipopismastervnes.ui...
  Uic'ing qizleznipovratnicamasterkorekcija.ui...
  Uic'ing qizleznipovratnicamasterlista.ui...
  Uic'ing qizleznipovratnicamastervnes.ui...
  Uic'ing qizleznismetkiivnes.ui...
  Uic'ing qizleznismetkikorekcija.ui...
  Uic'ing qizleznismetkilista.ui...
  Uic'ing qizvestai.ui...
  Uic'ing qizvestaiwidget.ui...
  Uic'ing qizvod.ui...
  Uic'ing qizvodkorekcija.ui...
  Uic'ing qizvodlista.ui...
  Uic'ing qizvodvnes.ui...
  Uic'ing qkalkulacijakorekcija.ui...
  Uic'ing qkalkulacijalagerlista.ui...
  Uic'ing qkalkulacijalista.ui...
  Uic'ing qkalkulacijavnes.ui...
  Uic'ing qkarticawidget.ui...
  Uic'ing qkartici.ui...
  Uic'ing qkasakorekcija.ui...
  Uic'ing qkasalista.ui...
  Uic'ing qkasavnes.ui...
  Uic'ing qkomintentianalitika.ui...
  Uic'ing qkomintentianalitikawidget.ui...
  Uic'ing qkomintentikorekcija.ui...
  Uic'ing qkomintentilista.ui...
  Uic'ing qkomintentivnes.ui...
  Uic'ing qlager.ui...
  Uic'ing qlagerwidget.ui...
  Uic'ing qleft.ui...
  Uic'ing qmyEmploye.ui...
  Uic'ing qmyartikli.ui...
  Uic'ing qmyartiklilista.ui...
  Uic'ing qmybaseformwidget.ui...
  Uic'ing qmybasewidget.ui...
  Uic'ing qmyfaktmaster.ui...
  Uic'ing qmyfakturi.ui...
  Uic'ing qmyispratnici.ui...
  Uic'ing qmyizjava.ui...
  Uic'ing qmykalkulacija.ui...
  Uic'ing qmykasa.ui...
  Uic'ing qmykomintenti.ui...
  Uic'ing qmyodobrenie.ui...
  Uic'ing qmypopismaster.ui...
  Uic'ing qmyporackismetki.ui...
  Uic'ing qmypovratnica.ui...
  Uic'ing qmypovratnicamaster.ui...
  Uic'ing qmypriemnica.ui...
  Uic'ing qmyprofakturimaster.ui...
  Uic'ing qmysmetki.ui...
  Uic'ing qodobreniekorekcija.ui...
  Uic'ing qodobrenielista.ui...
  Uic'ing qodobrenievnes.ui...
  Uic'ing qperiodicenizvestaj.ui...
  Uic'ing qperiodicenizvestajwidget.ui...
  Uic'ing qporackismetkiivnes.ui...
  Uic'ing qporackismetkikorekcija.ui...
  Uic'ing qporackismetkilista.ui...
  Uic'ing qpovratnicakorekcija.ui...
  Uic'ing qpovratnicalista.ui...
  Uic'ing qpovratnicavnes.ui...
  Uic'ing qpriemnicakorekcija.ui...
  Uic'ing qpriemnicalista.ui...
  Uic'ing qpriemnicavnes.ui...
  Uic'ing qprofakturakorekcija.ui...
  Uic'ing qprofakturalista.ui...
  Uic'ing qprofakturavnes.ui...
  Uic'ing qprofakturi.ui...
  Uic'ing qprofakturimasterkorekcija.ui...
  Uic'ing qprofakturimasterlista.ui...
  Uic'ing qprofakturimastervnes.ui...
  Uic'ing qpromenaceni.ui...
  Uic'ing qpromenaceniwidget.ui...
  Uic'ing qsearchform.ui...
  Uic'ing qsearchformfaktura.ui...
  Uic'ing quserform.ui...
  Uic'ing sterna.ui...
  Rcc'ing sterna.qrc...
  Moc'ing chelperclass.h...
  Moc'ing qAnalitikaArtikli.h...
  Moc'ing qAnalitikaArtikliwidget.h...
  Moc'ing qAnalitikaKomintenti.h...
  Moc'ing qAnalitikaKomintentiwidget.h...
  Moc'ing qEmployekorekcija.h...
  Moc'ing qEmployelista.h...
  Moc'ing qEmployevnes.h...
  Moc'ing qFinAnalitikaKomintenti.h...
  Moc'ing qFinAnalitikaKomintentiwidget.h...
  Moc'ing qPriem.h...
  Moc'ing qPriemwidget.h...
  Moc'ing qartiklikorekcija.h...
  Moc'ing qartiklivnes.h...
  Moc'ing qbanki.h...
  Moc'ing qbankikorekcija.h...
  Moc'ing qbankilista.h...
  Moc'ing qbankivnes.h...
  Moc'ing qddv.h...
  Moc'ing qddvkorekcija.h...
  Moc'ing qddvlista.h...
  Moc'ing qddvvnes.h...
  Moc'ing qdnevenpromet.h...
  Moc'ing qdnevenprometwidget.h...
  Moc'ing qfakturikorekcija.h...
  Moc'ing qfakturilista.h...
  Moc'ing qfakturivlezni.h...
  Moc'ing qfakturivnes.h...
  Moc'ing qfiscalform.h...
  Moc'ing qizjavakorekcija.h...
  Moc'ing qizjavalista.h...
  Moc'ing qizjavavnes.h...
  Moc'ing qizleznifaktmasterkorekcija.h...
  Moc'ing qizleznifaktmasterlista.h...
  Moc'ing qizleznifaktmastervnes.h...
  Moc'ing qizleznifakturikorekcija.h...
  Moc'ing qizleznifakturilista.h...
  Moc'ing qizleznifakturivnes.h...
  Moc'ing qizlezniispratnicikorekcija.h...
  Moc'ing qizlezniispratnicilista.h...
  Moc'ing qizlezniispratnicivnes.h...
  Moc'ing qizleznipopismasterkorekcija.h...
  Moc'ing qizleznipopismasterlista.h...
  Moc'ing qizleznipopismastervnes.h...
  Moc'ing qizleznipovratnicamasterkorekcija.h...
  Moc'ing qizleznipovratnicamasterlista.h...
  Moc'ing qizleznipovratnicamastervnes.h...
  Moc'ing qizleznismetkikorekcija.h...
  Moc'ing qizleznismetkilista.h...
  Moc'ing qizleznismetkivnes.h...
  Moc'ing qizvestai.h...
  Moc'ing qizvestaiwidget.h...
  Moc'ing qizvod.h...
  Moc'ing qizvodkorekcija.h...
  Moc'ing qizvodlista.h...
  Moc'ing qizvodvnes.h...
  Moc'ing qkalkulacijakorekcija.h...
  Moc'ing qkalkulacijalagerlista.h...
  Moc'ing qkalkulacijalista.h...
  Moc'ing qkalkulacijavnes.h...
  Moc'ing qkarticawidget.h...
  Moc'ing qkartici.h...
  Moc'ing qkasakorekcija.h...
  Moc'ing qkasalista.h...
  Moc'ing qkasavnes.h...
  Moc'ing qkomintentianalitika.h...
  Moc'ing qkomintentianalitikawidget.h...
  Moc'ing qkomintentikorekcija.h...
  Moc'ing qkomintentilista.h...
  Moc'ing qkomintentivnes.h...
  Moc'ing qlager.h...
  Moc'ing qlagerwidget.h...
  Moc'ing qleft.h...
  Moc'ing qmyEmploye.h...
  Moc'ing qmyartikli.h...
  Moc'ing qmyartiklilista.h...
  Moc'ing qmybaseformwidget.h...
  Moc'ing qmybasewidget.h...
  Moc'ing qmyfaktmaster.h...
  Moc'ing qmyfakturi.h...
  Moc'ing qmyispratnici.h...
  Moc'ing qmyizjava.h...
  Moc'ing qmykalkulacija.h...
  Moc'ing qmykasa.h...
  Moc'ing qmykomintenti.h...
  Moc'ing qmyodobrenie.h...
  Moc'ing qmypopismaster.h...
  Moc'ing qmyporackismetki.h...
  Moc'ing qmypovratnica.h...
  Moc'ing qmypovratnicamaster.h...
  Moc'ing qmypriemnica.h...
  Moc'ing qmyprofakturimaster.h...
  Moc'ing qmysmetki.h...
  Moc'ing qodobreniekorekcija.h...
  Moc'ing qodobrenielista.h...
  Moc'ing qodobrenievnes.h...
  Moc'ing qperiodicenizvestaj.h...
  Moc'ing qperiodicenizvestajwidget.h...
  Moc'ing qporackismetkikorekcija.h...
  Moc'ing qporackismetkilista.h...
  Moc'ing qporackismetkivnes.h...
  Moc'ing qpovratnicakorekcija.h...
  Moc'ing qpovratnicalista.h...
  Moc'ing qpovratnicavnes.h...
  Moc'ing qpriemnicakorekcija.h...
  Moc'ing qpriemnicalista.h...
  Moc'ing qpriemnicavnes.h...
  Moc'ing qprofakturakorekcija.h...
  Moc'ing qprofakturalista.h...
  Moc'ing qprofakturavnes.h...
  Moc'ing qprofakturi.h...
  Moc'ing qprofakturimasterkorekcija.h...
  Moc'ing qprofakturimasterlista.h...
  Moc'ing qprofakturimastervnes.h...
  Moc'ing qpromenaceni.h...
  Moc'ing qpromenaceniwidget.h...
  Moc'ing qsearchform.h...
  Moc'ing qsearchformfaktura.h...
  Moc'ing qstablewidgetdelegate.h...
  Moc'ing quserform.h...
  Moc'ing sterna.h...
  chelperclass.cpp
  main.cpp
  qAnalitikaArtikli.cpp
  qAnalitikaArtikliwidget.cpp
D:\REPO\SternaLite\sterna\qAnalitikaArtikliwidget.cpp(79,8): warning C4189: 'vkIzlezKol': local variable is initialized but not referenced
D:\REPO\SternaLite\sterna\qAnalitikaArtikliwidget.cpp(50,9): warning C4101: 'fieldNo': unreferenced local variable
D:\REPO\SternaLite\sterna\qAnalitikaArtikliwidget.cpp(78,8): warning C4189: 'vkVlezKol': local variable is initialized but not referenced
D:\REPO\SternaLite\sterna\qAnalitikaArtikliwidget.cpp(80,8): warning C4189: 'vkSaldo': local variable is initialized but not referenced
D:\REPO\SternaLite\sterna\qAnalitikaArtikliwidget.cpp(144,80): warning C4100: 'modelY': unreferenced formal parameter
D:\REPO\SternaLite\sterna\qAnalitikaArtikliwidget.cpp(166,9): warning C4101: 'fieldNo': unreferenced local variable
D:\REPO\SternaLite\sterna\chelperclass.cpp(183,71): warning C4100: 'tip': unreferenced formal parameter
D:\REPO\SternaLite\sterna\chelperclass.cpp(207,8): warning C4189: 'razlika': local variable is initialized but not referenced
D:\REPO\SternaLite\sterna\chelperclass.cpp(1094,6): warning C4189: 'fieldNo': local variable is initialized but not referenced
D:\REPO\SternaLite\sterna\chelperclass.cpp(1108,6): warning C4189: 'fieldNo': local variable is initialized but not referenced
D:\REPO\SternaLite\sterna\chelperclass.cpp(1384,7): warning C4189: 'stat': local variable is initialized but not referenced
D:\REPO\SternaLite\sterna\chelperclass.cpp(1388,7): warning C4189: 'stop': local variable is initialized but not referenced
D:\REPO\SternaLite\sterna\chelperclass.cpp(1403,50): warning C4100: 'stream': unreferenced formal parameter
  qAnalitikaKomintenti.cpp
  qAnalitikaKomintentiwidget.cpp
  qEmployekorekcija.cpp
  qEmployelista.cpp
  qEmployevnes.cpp
D:\REPO\SternaLite\sterna\qAnalitikaKomintentiwidget.cpp(73,8): warning C4189: 'vkIzlezKol': local variable is initialized but not referenced
D:\REPO\SternaLite\sterna\qAnalitikaKomintentiwidget.cpp(45,9): warning C4101: 'fieldNo': unreferenced local variable
D:\REPO\SternaLite\sterna\qAnalitikaKomintentiwidget.cpp(72,8): warning C4189: 'vkVlezKol': local variable is initialized but not referenced
D:\REPO\SternaLite\sterna\qAnalitikaKomintentiwidget.cpp(74,8): warning C4189: 'vkSaldo': local variable is initialized but not referenced
D:\REPO\SternaLite\sterna\qAnalitikaKomintentiwidget.cpp(142,8): warning C4189: 'sumaDDV': local variable is initialized but not referenced
D:\REPO\SternaLite\sterna\qAnalitikaKomintentiwidget.cpp(313,83): warning C4100: 'modelY': unreferenced formal parameter
  qFinAnalitikaKomintenti.cpp
  qFinAnalitikaKomintentiwidget.cpp
D:\REPO\SternaLite\sterna\qEmployelista.cpp(41,9): warning C4101: 'fieldNo': unreferenced local variable
D:\REPO\SternaLite\sterna\qEmployelista.cpp(99,70): warning C4100: 'modelY': unreferenced formal parameter
  qPriem.cpp
  qPriemwidget.cpp
D:\REPO\SternaLite\sterna\qFinAnalitikaKomintentiwidget.cpp(109,8): warning C4189: 'totalSaldoFin': local variable is initialized but not referenced
D:\REPO\SternaLite\sterna\qFinAnalitikaKomintentiwidget.cpp(101,8): warning C4189: 'vkIzlezKol': local variable is initialized but not referenced
D:\REPO\SternaLite\sterna\qFinAnalitikaKomintentiwidget.cpp(106,8): warning C4189: 'vkSaldoFin': local variable is initialized but not referenced
D:\REPO\SternaLite\sterna\qFinAnalitikaKomintentiwidget.cpp(60,9): warning C4101: 'fieldNo': unreferenced local variable
D:\REPO\SternaLite\sterna\qFinAnalitikaKomintentiwidget.cpp(100,8): warning C4189: 'vkVlezKol': local variable is initialized but not referenced
D:\REPO\SternaLite\sterna\qFinAnalitikaKomintentiwidget.cpp(102,8): warning C4189: 'vkSaldo': local variable is initialized but not referenced
D:\REPO\SternaLite\sterna\qFinAnalitikaKomintentiwidget.cpp(229,8): warning C4189: 'mDolzi': local variable is initialized but not referenced
D:\REPO\SternaLite\sterna\qFinAnalitikaKomintentiwidget.cpp(198,6): warning C4101: 'fieldNo': unreferenced local variable
D:\REPO\SternaLite\sterna\qFinAnalitikaKomintentiwidget.cpp(226,6): warning C4189: 'row': local variable is initialized but not referenced
D:\REPO\SternaLite\sterna\qFinAnalitikaKomintentiwidget.cpp(227,8): warning C4189: 'sumaDDV': local variable is initialized but not referenced
D:\REPO\SternaLite\sterna\qFinAnalitikaKomintentiwidget.cpp(230,8): warning C4189: 'mPobaruva': local variable is initialized but not referenced
D:\REPO\SternaLite\sterna\qFinAnalitikaKomintentiwidget.cpp(231,8): warning C4189: 'mSaldo': local variable is initialized but not referenced
D:\REPO\SternaLite\sterna\qFinAnalitikaKomintentiwidget.cpp(430,83): warning C4100: 'modelY': unreferenced formal parameter
  qartiklikorekcija.cpp
  qartiklivnes.cpp
  qbanki.cpp
D:\REPO\SternaLite\sterna\qPriemwidget.cpp(44,9): warning C4101: 'fieldNo': unreferenced local variable
D:\REPO\SternaLite\sterna\qPriemwidget.cpp(197,69): warning C4100: 'modelY': unreferenced formal parameter
D:\REPO\SternaLite\sterna\qPriemwidget.cpp(218,21): warning C4189: 'stop': local variable is initialized but not referenced
  qbankikorekcija.cpp
  qbankilista.cpp
  qbankivnes.cpp
  qddv.cpp
  qddvkorekcija.cpp
D:\REPO\SternaLite\sterna\qbankilista.cpp(90,68): warning C4100: 'modelY': unreferenced formal parameter
  qddvlista.cpp
  qddvvnes.cpp
  qdnevenpromet.cpp
  qdnevenprometwidget.cpp
D:\REPO\SternaLite\sterna\qddvlista.cpp(79,66): warning C4100: 'modelY': unreferenced formal parameter
  qfakturikorekcija.cpp
  qfakturilista.cpp
D:\REPO\SternaLite\sterna\qdnevenprometwidget.cpp(59,48): warning C4100: 'nameSearch': unreferenced formal parameter
D:\REPO\SternaLite\sterna\qdnevenprometwidget.cpp(90,8): warning C4189: 'vkIzlezKol': local variable is initialized but not referenced
D:\REPO\SternaLite\sterna\qdnevenprometwidget.cpp(64,9): warning C4101: 'fieldNo': unreferenced local variable
D:\REPO\SternaLite\sterna\qdnevenprometwidget.cpp(89,8): warning C4189: 'vkVlezKol': local variable is initialized but not referenced
D:\REPO\SternaLite\sterna\qdnevenprometwidget.cpp(91,8): warning C4189: 'vkSaldo': local variable is initialized but not referenced
D:\REPO\SternaLite\sterna\qdnevenprometwidget.cpp(173,76): warning C4100: 'modelY': unreferenced formal parameter
  qfakturivlezni.cpp
  qfakturivnes.cpp
D:\REPO\SternaLite\sterna\qfakturikorekcija.cpp(85,6): warning C4189: 'stop': local variable is initialized but not referenced
D:\REPO\SternaLite\sterna\qfakturikorekcija.cpp(270,79): warning C4100: 'modelY': unreferenced formal parameter
D:\REPO\SternaLite\sterna\qfakturikorekcija.cpp(433,9): warning C4189: 'cols': local variable is initialized but not referenced
D:\REPO\SternaLite\sterna\qfakturikorekcija.cpp(534,9): warning C4189: 'fieldNo': local variable is initialized but not referenced
D:\REPO\SternaLite\sterna\qfakturilista.cpp(74,6): warning C4101: 'fieldNo': unreferenced local variable
D:\REPO\SternaLite\sterna\qfakturilista.cpp(207,76): warning C4100: 'modelY': unreferenced formal parameter
D:\REPO\SternaLite\sterna\qfakturilista.cpp(471,7): warning C4189: 'stop': local variable is initialized but not referenced
  qfiscalform.cpp
  qizjavakorekcija.cpp
  qizjavalista.cpp
D:\REPO\SternaLite\sterna\qfiscalform.cpp(29,6): warning C4189: 'stop': local variable is initialized but not referenced
  qizjavavnes.cpp
D:\REPO\SternaLite\sterna\qizjavakorekcija.cpp(230,72): warning C4100: 'modelY': unreferenced formal parameter
D:\REPO\SternaLite\sterna\qizjavakorekcija.cpp(375,13): warning C4189: 'mid': local variable is initialized but not referenced
D:\REPO\SternaLite\sterna\qizjavakorekcija.cpp(368,13): warning C4189: 'cols': local variable is initialized but not referenced
D:\REPO\SternaLite\sterna\qizjavakorekcija.cpp(453,9): warning C4189: 'fieldNo': local variable is initialized but not referenced
D:\REPO\SternaLite\sterna\qizjavakorekcija.cpp(563,6): warning C4189: 'fieldNo': local variable is initialized but not referenced
D:\REPO\SternaLite\sterna\qfakturivnes.cpp(88,6): warning C4189: 'stop': local variable is initialized but not referenced
D:\REPO\SternaLite\sterna\qfakturivnes.cpp(272,74): warning C4100: 'modelY': unreferenced formal parameter
D:\REPO\SternaLite\sterna\qfakturivnes.cpp(326,6): warning C4189: 'cols': local variable is initialized but not referenced
D:\REPO\SternaLite\sterna\qfakturivnes.cpp(340,13): warning C4189: 'fieldNo': local variable is initialized but not referenced
D:\REPO\SternaLite\sterna\qfakturivnes.cpp(345,13): warning C4189: 'row': local variable is initialized but not referenced
D:\REPO\SternaLite\sterna\qfakturivnes.cpp(444,9): warning C4189: 'fieldNo': local variable is initialized but not referenced
D:\REPO\SternaLite\sterna\qizjavalista.cpp(50,9): warning C4101: 'fieldNo': unreferenced local variable
D:\REPO\SternaLite\sterna\qizjavalista.cpp(114,69): warning C4100: 'modelY': unreferenced formal parameter
  qizleznifaktmasterkorekcija.cpp
  qizleznifaktmasterlista.cpp
  qizleznifaktmastervnes.cpp
D:\REPO\SternaLite\sterna\qizjavavnes.cpp(234,67): warning C4100: 'modelY': unreferenced formal parameter
D:\REPO\SternaLite\sterna\qizjavavnes.cpp(290,9): warning C4189: 'mid': local variable is initialized but not referenced
D:\REPO\SternaLite\sterna\qizjavavnes.cpp(295,9): warning C4189: 'fieldNo': local variable is initialized but not referenced
D:\REPO\SternaLite\sterna\qizjavavnes.cpp(300,9): warning C4189: 'row': local variable is initialized but not referenced
D:\REPO\SternaLite\sterna\qizjavavnes.cpp(283,6): warning C4189: 'cols': local variable is initialized but not referenced
D:\REPO\SternaLite\sterna\qizjavavnes.cpp(375,9): warning C4189: 'fieldNo': local variable is initialized but not referenced
  qizleznifakturikorekcija.cpp
D:\REPO\SternaLite\sterna\qizleznifaktmasterkorekcija.cpp(122,6): warning C4189: 'stop': local variable is initialized but not referenced
D:\REPO\SternaLite\sterna\qizleznifaktmasterkorekcija.cpp(372,83): warning C4100: 'modelY': unreferenced formal parameter
D:\REPO\SternaLite\sterna\qizleznifaktmasterkorekcija.cpp(388,8): warning C4189: 'tempId': local variable is initialized but not referenced
D:\REPO\SternaLite\sterna\qizleznifaktmasterkorekcija.cpp(677,6): warning C4189: 'fieldNo': local variable is initialized but not referenced
D:\REPO\SternaLite\sterna\qizleznifaktmasterkorekcija.cpp(639,6): warning C4189: 'row': local variable is initialized but not referenced
D:\REPO\SternaLite\sterna\qizleznifaktmasterkorekcija.cpp(875,6): warning C4189: 'mid': local variable is initialized but not referenced
D:\REPO\SternaLite\sterna\qizleznifaktmasterkorekcija.cpp(881,6): warning C4189: 'fieldNo': local variable is initialized but not referenced
D:\REPO\SternaLite\sterna\qizleznifaktmasterkorekcija.cpp(868,6): warning C4189: 'cols': local variable is initialized but not referenced
D:\REPO\SternaLite\sterna\qizleznifaktmasterkorekcija.cpp(980,6): warning C4189: 'mid': local variable is initialized but not referenced
D:\REPO\SternaLite\sterna\qizleznifaktmasterkorekcija.cpp(973,6): warning C4189: 'cols': local variable is initialized but not referenced
D:\REPO\SternaLite\sterna\qizleznifaktmasterkorekcija.cpp(983,7): warning C4189: 'm_id': local variable is initialized but not referenced
D:\REPO\SternaLite\sterna\qizleznifaktmasterkorekcija.cpp(986,7): warning C4189: 'row': local variable is initialized but not referenced
D:\REPO\SternaLite\sterna\qizleznifaktmasterkorekcija.cpp(1072,6): warning C4189: 'fieldNo': local variable is initialized but not referenced
D:\REPO\SternaLite\sterna\qizleznifaktmasterkorekcija.cpp(1281,6): warning C4189: 'm_id': local variable is initialized but not referenced
D:\REPO\SternaLite\sterna\qizleznifaktmasterkorekcija.cpp(1303,6): warning C4189: 'r': local variable is initialized but not referenced
D:\REPO\SternaLite\sterna\qizleznifaktmasterkorekcija.cpp(1398,65): warning C4100: 'b': unreferenced formal parameter
D:\REPO\SternaLite\sterna\qizleznifaktmasterlista.cpp(81,9): warning C4101: 'fieldNo': unreferenced local variable
D:\REPO\SternaLite\sterna\qizleznifaktmasterlista.cpp(271,80): warning C4100: 'modelY': unreferenced formal parameter
D:\REPO\SternaLite\sterna\qizleznifaktmasterlista.cpp(271,60): warning C4100: 'modelX': unreferenced formal parameter
D:\REPO\SternaLite\sterna\qizleznifaktmasterlista.cpp(306,9): warning C4101: 'fieldNo': unreferenced local variable
D:\REPO\SternaLite\sterna\qizleznifaktmasterlista.cpp(426,61): warning C4100: 'b': unreferenced formal parameter
D:\REPO\SternaLite\sterna\qizleznifaktmasterlista.cpp(431,68): warning C4100: 'b': unreferenced formal parameter
D:\REPO\SternaLite\sterna\qizleznifaktmasterlista.cpp(509,7): warning C4189: 'stop': local variable is initialized but not referenced
  qizleznifakturilista.cpp
  qizleznifakturivnes.cpp
D:\REPO\SternaLite\sterna\qizleznifakturikorekcija.cpp(117,6): warning C4189: 'stop': local variable is initialized but not referenced
D:\REPO\SternaLite\sterna\qizleznifakturikorekcija.cpp(351,80): warning C4100: 'modelY': unreferenced formal parameter
D:\REPO\SternaLite\sterna\qizleznifakturikorekcija.cpp(555,9): warning C4189: 'cols': local variable is initialized but not referenced
D:\REPO\SternaLite\sterna\qizleznifakturikorekcija.cpp(664,9): warning C4189: 'fieldNo': local variable is initialized but not referenced
D:\REPO\SternaLite\sterna\qizleznifaktmastervnes.cpp(150,6): warning C4189: 'stop': local variable is initialized but not referenced
D:\REPO\SternaLite\sterna\qizleznifaktmastervnes.cpp(406,78): warning C4100: 'modelY': unreferenced formal parameter
D:\REPO\SternaLite\sterna\qizleznifaktmastervnes.cpp(559,6): warning C4189: 'cols': local variable is initialized but not referenced
D:\REPO\SternaLite\sterna\qizleznifaktmastervnes.cpp(573,7): warning C4189: 'fieldNo': local variable is initialized but not referenced
D:\REPO\SternaLite\sterna\qizleznifaktmastervnes.cpp(617,7): warning C4189: 'row': local variable is initialized but not referenced
D:\REPO\SternaLite\sterna\qizleznifaktmastervnes.cpp(598,10): warning C4189: 'user_id': local variable is initialized but not referenced
D:\REPO\SternaLite\sterna\qizleznifaktmastervnes.cpp(732,9): warning C4189: 'fieldNo': local variable is initialized but not referenced
D:\REPO\SternaLite\sterna\qizleznifaktmastervnes.cpp(923,6): warning C4189: 'm_id': local variable is initialized but not referenced
D:\REPO\SternaLite\sterna\qizleznifaktmastervnes.cpp(945,6): warning C4189: 'r': local variable is initialized but not referenced
D:\REPO\SternaLite\sterna\qizleznifaktmastervnes.cpp(1037,6): warning C4189: 'mid': local variable is initialized but not referenced
D:\REPO\SternaLite\sterna\qizleznifaktmastervnes.cpp(1030,6): warning C4189: 'cols': local variable is initialized but not referenced
D:\REPO\SternaLite\sterna\qizleznifaktmastervnes.cpp(1044,7): warning C4189: 'fieldNo': local variable is initialized but not referenced
D:\REPO\SternaLite\sterna\qizleznifaktmastervnes.cpp(1049,7): warning C4189: 'row': local variable is initialized but not referenced
D:\REPO\SternaLite\sterna\qizleznifaktmastervnes.cpp(1139,60): warning C4100: 'b': unreferenced formal parameter
  qizlezniispratnicikorekcija.cpp
D:\REPO\SternaLite\sterna\qizleznifakturilista.cpp(78,9): warning C4101: 'fieldNo': unreferenced local variable
D:\REPO\SternaLite\sterna\qizleznifakturilista.cpp(238,77): warning C4100: 'modelY': unreferenced formal parameter
D:\REPO\SternaLite\sterna\qizleznifakturilista.cpp(238,57): warning C4100: 'modelX': unreferenced formal parameter
D:\REPO\SternaLite\sterna\qizleznifakturilista.cpp(431,7): warning C4189: 'stop': local variable is initialized but not referenced
  qizlezniispratnicilista.cpp
  qizlezniispratnicivnes.cpp
D:\REPO\SternaLite\sterna\qizleznifakturivnes.cpp(107,6): warning C4189: 'stop': local variable is initialized but not referenced
D:\REPO\SternaLite\sterna\qizleznifakturivnes.cpp(351,75): warning C4100: 'modelY': unreferenced formal parameter
D:\REPO\SternaLite\sterna\qizleznifakturivnes.cpp(418,6): warning C4189: 'cols': local variable is initialized but not referenced
D:\REPO\SternaLite\sterna\qizleznifakturivnes.cpp(432,13): warning C4189: 'fieldNo': local variable is initialized but not referenced
D:\REPO\SternaLite\sterna\qizleznifakturivnes.cpp(437,13): warning C4189: 'row': local variable is initialized but not referenced
D:\REPO\SternaLite\sterna\qizleznifakturivnes.cpp(544,9): warning C4189: 'fieldNo': local variable is initialized but not referenced
D:\REPO\SternaLite\sterna\qizlezniispratnicikorekcija.cpp(93,65): warning C4100: 'b': unreferenced formal parameter
D:\REPO\SternaLite\sterna\qizlezniispratnicikorekcija.cpp(125,6): warning C4189: 'stop': local variable is initialized but not referenced
D:\REPO\SternaLite\sterna\qizlezniispratnicikorekcija.cpp(370,83): warning C4100: 'modelY': unreferenced formal parameter
D:\REPO\SternaLite\sterna\qizlezniispratnicikorekcija.cpp(583,9): warning C4189: 'cols': local variable is initialized but not referenced
D:\REPO\SternaLite\sterna\qizlezniispratnicikorekcija.cpp(692,9): warning C4189: 'fieldNo': local variable is initialized but not referenced
D:\REPO\SternaLite\sterna\qizlezniispratnicilista.cpp(99,9): warning C4101: 'fieldNo': unreferenced local variable
D:\REPO\SternaLite\sterna\qizlezniispratnicilista.cpp(305,61): warning C4100: 'b': unreferenced formal parameter
D:\REPO\SternaLite\sterna\qizlezniispratnicilista.cpp(310,68): warning C4100: 'b': unreferenced formal parameter
D:\REPO\SternaLite\sterna\qizlezniispratnicilista.cpp(316,80): warning C4100: 'modelY': unreferenced formal parameter
D:\REPO\SternaLite\sterna\qizlezniispratnicilista.cpp(316,60): warning C4100: 'modelX': unreferenced formal parameter
D:\REPO\SternaLite\sterna\qizlezniispratnicilista.cpp(540,7): warning C4189: 'stop': local variable is initialized but not referenced
  qizleznipopismasterkorekcija.cpp
D:\REPO\SternaLite\sterna\qizlezniispratnicilista.cpp(639,6): warning C4189: 'r': local variable is initialized but not referenced
D:\REPO\SternaLite\sterna\qizlezniispratnicilista.cpp(726,6): warning C4189: 'mid': local variable is initialized but not referenced
D:\REPO\SternaLite\sterna\qizlezniispratnicilista.cpp(719,6): warning C4189: 'cols': local variable is initialized but not referenced
D:\REPO\SternaLite\sterna\qizlezniispratnicilista.cpp(733,7): warning C4189: 'fieldNo': local variable is initialized but not referenced
D:\REPO\SternaLite\sterna\qizlezniispratnicilista.cpp(738,7): warning C4189: 'row': local variable is initialized but not referenced
  qizleznipopismasterlista.cpp
  qizleznipopismastervnes.cpp
D:\REPO\SternaLite\sterna\qizlezniispratnicivnes.cpp(115,6): warning C4189: 'stop': local variable is initialized but not referenced
D:\REPO\SternaLite\sterna\qizlezniispratnicivnes.cpp(363,60): warning C4100: 'b': unreferenced formal parameter
D:\REPO\SternaLite\sterna\qizlezniispratnicivnes.cpp(368,78): warning C4100: 'modelY': unreferenced formal parameter
D:\REPO\SternaLite\sterna\qizlezniispratnicivnes.cpp(435,6): warning C4189: 'cols': local variable is initialized but not referenced
D:\REPO\SternaLite\sterna\qizlezniispratnicivnes.cpp(449,13): warning C4189: 'fieldNo': local variable is initialized but not referenced
D:\REPO\SternaLite\sterna\qizlezniispratnicivnes.cpp(454,13): warning C4189: 'row': local variable is initialized but not referenced
D:\REPO\SternaLite\sterna\qizlezniispratnicivnes.cpp(561,9): warning C4189: 'fieldNo': local variable is initialized but not referenced
D:\REPO\SternaLite\sterna\qizleznipopismasterkorekcija.cpp(118,6): warning C4189: 'stop': local variable is initialized but not referenced
D:\REPO\SternaLite\sterna\qizleznipopismasterkorekcija.cpp(355,84): warning C4100: 'modelY': unreferenced formal parameter
D:\REPO\SternaLite\sterna\qizleznipopismasterkorekcija.cpp(559,9): warning C4189: 'cols': local variable is initialized but not referenced
D:\REPO\SternaLite\sterna\qizleznipopismasterkorekcija.cpp(668,9): warning C4189: 'fieldNo': local variable is initialized but not referenced
D:\REPO\SternaLite\sterna\qizleznipopismasterlista.cpp(78,9): warning C4101: 'fieldNo': unreferenced local variable
D:\REPO\SternaLite\sterna\qizleznipopismasterlista.cpp(238,81): warning C4100: 'modelY': unreferenced formal parameter
D:\REPO\SternaLite\sterna\qizleznipopismasterlista.cpp(238,61): warning C4100: 'modelX': unreferenced formal parameter
D:\REPO\SternaLite\sterna\qizleznipopismasterlista.cpp(431,7): warning C4189: 'stop': local variable is initialized but not referenced
  qizleznipovratnicamasterkorekcija.cpp
  qizleznipovratnicamasterlista.cpp
  qizleznipovratnicamastervnes.cpp
D:\REPO\SternaLite\sterna\qizleznipopismastervnes.cpp(108,6): warning C4189: 'stop': local variable is initialized but not referenced
D:\REPO\SternaLite\sterna\qizleznipopismastervnes.cpp(352,79): warning C4100: 'modelY': unreferenced formal parameter
D:\REPO\SternaLite\sterna\qizleznipopismastervnes.cpp(419,6): warning C4189: 'cols': local variable is initialized but not referenced
D:\REPO\SternaLite\sterna\qizleznipopismastervnes.cpp(433,13): warning C4189: 'fieldNo': local variable is initialized but not referenced
D:\REPO\SternaLite\sterna\qizleznipopismastervnes.cpp(438,13): warning C4189: 'row': local variable is initialized but not referenced
D:\REPO\SternaLite\sterna\qizleznipopismastervnes.cpp(545,9): warning C4189: 'fieldNo': local variable is initialized but not referenced
D:\REPO\SternaLite\sterna\qizleznipovratnicamasterkorekcija.cpp(118,6): warning C4189: 'stop': local variable is initialized but not referenced
D:\REPO\SternaLite\sterna\qizleznipovratnicamasterkorekcija.cpp(355,89): warning C4100: 'modelY': unreferenced formal parameter
D:\REPO\SternaLite\sterna\qizleznipovratnicamasterkorekcija.cpp(559,9): warning C4189: 'cols': local variable is initialized but not referenced
D:\REPO\SternaLite\sterna\qizleznipovratnicamasterkorekcija.cpp(668,9): warning C4189: 'fieldNo': local variable is initialized but not referenced
D:\REPO\SternaLite\sterna\qizleznipovratnicamasterlista.cpp(79,9): warning C4101: 'fieldNo': unreferenced local variable
D:\REPO\SternaLite\sterna\qizleznipovratnicamasterlista.cpp(239,86): warning C4100: 'modelY': unreferenced formal parameter
D:\REPO\SternaLite\sterna\qizleznipovratnicamasterlista.cpp(239,66): warning C4100: 'modelX': unreferenced formal parameter
D:\REPO\SternaLite\sterna\qizleznipovratnicamasterlista.cpp(432,7): warning C4189: 'stop': local variable is initialized but not referenced
  qizleznismetkikorekcija.cpp
  qizleznismetkilista.cpp
  qizleznismetkivnes.cpp
D:\REPO\SternaLite\sterna\qizleznipovratnicamastervnes.cpp(109,6): warning C4189: 'stop': local variable is initialized but not referenced
D:\REPO\SternaLite\sterna\qizleznipovratnicamastervnes.cpp(353,84): warning C4100: 'modelY': unreferenced formal parameter
D:\REPO\SternaLite\sterna\qizleznipovratnicamastervnes.cpp(420,6): warning C4189: 'cols': local variable is initialized but not referenced
D:\REPO\SternaLite\sterna\qizleznipovratnicamastervnes.cpp(434,13): warning C4189: 'fieldNo': local variable is initialized but not referenced
D:\REPO\SternaLite\sterna\qizleznipovratnicamastervnes.cpp(439,13): warning C4189: 'row': local variable is initialized but not referenced
D:\REPO\SternaLite\sterna\qizleznipovratnicamastervnes.cpp(546,9): warning C4189: 'fieldNo': local variable is initialized but not referenced
D:\REPO\SternaLite\sterna\qizleznismetkikorekcija.cpp(315,79): warning C4100: 'modelY': unreferenced formal parameter
D:\REPO\SternaLite\sterna\qizleznismetkikorekcija.cpp(384,6): warning C4101: 'fieldNo': unreferenced local variable
D:\REPO\SternaLite\sterna\qizleznismetkikorekcija.cpp(382,9): warning C4189: 'r': local variable is initialized but not referenced
D:\REPO\SternaLite\sterna\qizleznismetkikorekcija.cpp(497,6): warning C4189: 'mid': local variable is initialized but not referenced
D:\REPO\SternaLite\sterna\qizleznismetkikorekcija.cpp(490,6): warning C4189: 'cols': local variable is initialized but not referenced
D:\REPO\SternaLite\sterna\qizleznismetkikorekcija.cpp(641,9): warning C4189: 'fieldNo': local variable is initialized but not referenced
  qizvestai.cpp
D:\REPO\SternaLite\sterna\qizleznismetkilista.cpp(88,9): warning C4101: 'fieldNo': unreferenced local variable
D:\REPO\SternaLite\sterna\qizleznismetkilista.cpp(304,76): warning C4100: 'modelY': unreferenced formal parameter
D:\REPO\SternaLite\sterna\qizleznismetkilista.cpp(304,56): warning C4100: 'modelX': unreferenced formal parameter
D:\REPO\SternaLite\sterna\qizleznismetkilista.cpp(521,7): warning C4189: 'stop': local variable is initialized but not referenced
D:\REPO\SternaLite\sterna\qizleznismetkilista.cpp(715,57): warning C4100: 'b': unreferenced formal parameter
D:\REPO\SternaLite\sterna\qizleznismetkilista.cpp(720,64): warning C4100: 'b': unreferenced formal parameter
  qizvestaiwidget.cpp
  qizvod.cpp
  qizvodkorekcija.cpp
D:\REPO\SternaLite\sterna\qizleznismetkivnes.cpp(314,74): warning C4100: 'modelY': unreferenced formal parameter
D:\REPO\SternaLite\sterna\qizleznismetkivnes.cpp(370,6): warning C4189: 'cols': local variable is initialized but not referenced
D:\REPO\SternaLite\sterna\qizleznismetkivnes.cpp(384,7): warning C4189: 'fieldNo': local variable is initialized but not referenced
D:\REPO\SternaLite\sterna\qizleznismetkivnes.cpp(389,7): warning C4189: 'row': local variable is initialized but not referenced
D:\REPO\SternaLite\sterna\qizleznismetkivnes.cpp(559,9): warning C4189: 'fieldNo': local variable is initialized but not referenced
D:\REPO\SternaLite\sterna\qizvestaiwidget.cpp(40,47): warning C4100: 'event': unreferenced formal parameter
D:\REPO\SternaLite\sterna\qizvestaiwidget.cpp(86,8): warning C4189: 'stop': local variable is initialized but not referenced
D:\REPO\SternaLite\sterna\qizvestaiwidget.cpp(103,6): warning C4101: 'fieldNo': unreferenced local variable
D:\REPO\SternaLite\sterna\qizvestaiwidget.cpp(101,6): warning C4189: 'r': local variable is initialized but not referenced
  qizvodlista.cpp
  qizvodvnes.cpp
  qkalkulacijakorekcija.cpp
D:\REPO\SternaLite\sterna\qizvodkorekcija.cpp(154,8): warning C4189: 'vkPriliv': local variable is initialized but not referenced
D:\REPO\SternaLite\sterna\qizvodkorekcija.cpp(156,8): warning C4189: 'saldo': local variable is initialized but not referenced
D:\REPO\SternaLite\sterna\qizvodkorekcija.cpp(155,8): warning C4189: 'vkOdliv': local variable is initialized but not referenced
D:\REPO\SternaLite\sterna\qizvodkorekcija.cpp(412,6): warning C4189: 'stop': local variable is initialized but not referenced
D:\REPO\SternaLite\sterna\qizvodkorekcija.cpp(420,6): warning C4189: 'stop': local variable is initialized but not referenced
D:\REPO\SternaLite\sterna\qizvodkorekcija.cpp(556,71): warning C4100: 'modelY': unreferenced formal parameter
D:\REPO\SternaLite\sterna\qizvodkorekcija.cpp(565,6): warning C4189: 'iii': local variable is initialized but not referenced
D:\REPO\SternaLite\sterna\qizvodkorekcija.cpp(686,6): warning C4189: 'mid': local variable is initialized but not referenced
D:\REPO\SternaLite\sterna\qizvodkorekcija.cpp(679,6): warning C4189: 'cols': local variable is initialized but not referenced
D:\REPO\SternaLite\sterna\qizvodkorekcija.cpp(691,7): warning C4189: 'row': local variable is initialized but not referenced
D:\REPO\SternaLite\sterna\qizvodkorekcija.cpp(735,8): warning C4189: 'row': local variable is initialized but not referenced
D:\REPO\SternaLite\sterna\qizvodkorekcija.cpp(755,10): warning C4189: 'row': local variable is initialized but not referenced
D:\REPO\SternaLite\sterna\qizvodkorekcija.cpp(812,9): warning C4189: 'fieldNo': local variable is initialized but not referenced
D:\REPO\SternaLite\sterna\qizvodkorekcija.cpp(906,8): warning C4189: 'stop': local variable is initialized but not referenced
  qkalkulacijalagerlista.cpp
D:\REPO\SternaLite\sterna\qizvodlista.cpp(121,11): warning C4189: 'vkPriliv': local variable is initialized but not referenced
D:\REPO\SternaLite\sterna\qizvodlista.cpp(123,11): warning C4189: 'saldo': local variable is initialized but not referenced
D:\REPO\SternaLite\sterna\qizvodlista.cpp(93,9): warning C4101: 'fieldNo': unreferenced local variable
D:\REPO\SternaLite\sterna\qizvodlista.cpp(122,11): warning C4189: 'vkOdliv': local variable is initialized but not referenced
D:\REPO\SternaLite\sterna\qizvodlista.cpp(177,68): warning C4100: 'modelY': unreferenced formal parameter
D:\REPO\SternaLite\sterna\qizvodlista.cpp(345,11): warning C4189: 'vkPriliv': local variable is initialized but not referenced
D:\REPO\SternaLite\sterna\qizvodlista.cpp(347,11): warning C4189: 'saldo': local variable is initialized but not referenced
D:\REPO\SternaLite\sterna\qizvodlista.cpp(346,11): warning C4189: 'vkOdliv': local variable is initialized but not referenced
D:\REPO\SternaLite\sterna\qizvodlista.cpp(424,8): warning C4189: 'vkPriliv': local variable is initialized but not referenced
D:\REPO\SternaLite\sterna\qizvodlista.cpp(426,8): warning C4189: 'saldo': local variable is initialized but not referenced
D:\REPO\SternaLite\sterna\qizvodlista.cpp(425,8): warning C4189: 'vkOdliv': local variable is initialized but not referenced
D:\REPO\SternaLite\sterna\qizvodlista.cpp(480,69): warning C4100: 'modelY': unreferenced formal parameter
D:\REPO\SternaLite\sterna\qizvodlista.cpp(489,69): warning C4100: 'modelY': unreferenced formal parameter
D:\REPO\SternaLite\sterna\qizvodlista.cpp(523,13): warning C4189: 'row': local variable is initialized but not referenced
  qkalkulacijalista.cpp
D:\REPO\SternaLite\sterna\qizvodvnes.cpp(312,6): warning C4189: 'stop': local variable is initialized but not referenced
D:\REPO\SternaLite\sterna\qizvodvnes.cpp(320,6): warning C4189: 'stop': local variable is initialized but not referenced
D:\REPO\SternaLite\sterna\qizvodvnes.cpp(467,66): warning C4100: 'modelY': unreferenced formal parameter
D:\REPO\SternaLite\sterna\qizvodvnes.cpp(476,6): warning C4189: 'iii': local variable is initialized but not referenced
D:\REPO\SternaLite\sterna\qizvodvnes.cpp(582,9): warning C4189: 'mid': local variable is initialized but not referenced
D:\REPO\SternaLite\sterna\qizvodvnes.cpp(575,6): warning C4189: 'cols': local variable is initialized but not referenced
D:\REPO\SternaLite\sterna\qizvodvnes.cpp(587,7): warning C4189: 'row': local variable is initialized but not referenced
D:\REPO\SternaLite\sterna\qizvodvnes.cpp(617,8): warning C4189: 'row': local variable is initialized but not referenced
D:\REPO\SternaLite\sterna\qizvodvnes.cpp(637,10): warning C4189: 'row': local variable is initialized but not referenced
D:\REPO\SternaLite\sterna\qizvodvnes.cpp(690,9): warning C4189: 'fieldNo': local variable is initialized but not referenced
D:\REPO\SternaLite\sterna\qizvodvnes.cpp(852,9): warning C4189: 'stop': local variable is initialized but not referenced
D:\REPO\SternaLite\sterna\qkalkulacijakorekcija.cpp(258,8): warning C4189: 'stop': local variable is initialized but not referenced
D:\REPO\SternaLite\sterna\qkalkulacijakorekcija.cpp(517,59): warning C4100: 'b': unreferenced formal parameter
D:\REPO\SternaLite\sterna\qkalkulacijakorekcija.cpp(522,77): warning C4100: 'modelY': unreferenced formal parameter
D:\REPO\SternaLite\sterna\qkalkulacijakorekcija.cpp(611,6): warning C4101: 'fieldNo': unreferenced local variable
D:\REPO\SternaLite\sterna\qkalkulacijakorekcija.cpp(646,6): warning C4189: 'row': local variable is initialized but not referenced
D:\REPO\SternaLite\sterna\qkalkulacijakorekcija.cpp(693,11): warning C4189: 'prenesenDDVIznos': local variable is initialized but not referenced
D:\REPO\SternaLite\sterna\qkalkulacijakorekcija.cpp(721,11): warning C4189: 'nabCenabezDDV': local variable is initialized but not referenced
D:\REPO\SternaLite\sterna\qkalkulacijakorekcija.cpp(720,11): warning C4189: 'prenesenDDVIznos': local variable is initialized but not referenced
D:\REPO\SternaLite\sterna\qkalkulacijakorekcija.cpp(739,11): warning C4189: 'nabCenabezDDV': local variable is initialized but not referenced
D:\REPO\SternaLite\sterna\qkalkulacijakorekcija.cpp(738,11): warning C4189: 'prenesenDDVIznos': local variable is initialized but not referenced
D:\REPO\SternaLite\sterna\qkalkulacijakorekcija.cpp(761,11): warning C4189: 'nabCenabezDDV': local variable is initialized but not referenced
D:\REPO\SternaLite\sterna\qkalkulacijakorekcija.cpp(766,11): warning C4189: 'vkupnoNabPlusDDV': local variable is initialized but not referenced
D:\REPO\SternaLite\sterna\qkalkulacijakorekcija.cpp(760,11): warning C4189: 'prenesenDDVIznos': local variable is initialized but not referenced
D:\REPO\SternaLite\sterna\qkalkulacijakorekcija.cpp(780,11): warning C4189: 'nabCenabezDDV': local variable is initialized but not referenced
D:\REPO\SternaLite\sterna\qkalkulacijakorekcija.cpp(785,11): warning C4189: 'vkupnoNabPlusDDV': local variable is initialized but not referenced
D:\REPO\SternaLite\sterna\qkalkulacijakorekcija.cpp(790,11): warning C4189: 'vkupnoProdSoDDV': local variable is initialized but not referenced
D:\REPO\SternaLite\sterna\qkalkulacijakorekcija.cpp(779,11): warning C4189: 'prenesenDDVIznos': local variable is initialized but not referenced
D:\REPO\SternaLite\sterna\qkalkulacijakorekcija.cpp(805,11): warning C4189: 'nabCenabezDDV': local variable is initialized but not referenced
D:\REPO\SternaLite\sterna\qkalkulacijakorekcija.cpp(815,11): warning C4189: 'prodCenaBezDDV': local variable is initialized but not referenced
D:\REPO\SternaLite\sterna\qkalkulacijakorekcija.cpp(808,11): warning C4189: 'vkupnoNabPlusDDV': local variable is initialized but not referenced
D:\REPO\SternaLite\sterna\qkalkulacijakorekcija.cpp(813,11): warning C4189: 'vkupnoProdSoDDV': local variable is initialized but not referenced
D:\REPO\SternaLite\sterna\qkalkulacijakorekcija.cpp(804,11): warning C4189: 'prenesenDDVIznos': local variable is initialized but not referenced
D:\REPO\SternaLite\sterna\qkalkulacijakorekcija.cpp(902,13): warning C4189: 'mid': local variable is initialized but not referenced
D:\REPO\SternaLite\sterna\qkalkulacijakorekcija.cpp(895,13): warning C4189: 'cols': local variable is initialized but not referenced
D:\REPO\SternaLite\sterna\qkalkulacijakorekcija.cpp(933,9): warning C4189: 'kurs': local variable is initialized but not referenced
D:\REPO\SternaLite\sterna\qkalkulacijakorekcija.cpp(959,8): warning C4189: 'mMagacinTip': local variable is initialized but not referenced
D:\REPO\SternaLite\sterna\qkalkulacijakorekcija.cpp(1499,6): warning C4101: 'fieldNo': unreferenced local variable
D:\REPO\SternaLite\sterna\qkalkulacijakorekcija.cpp(1497,6): warning C4189: 'r': local variable is initialized but not referenced
D:\REPO\SternaLite\sterna\qkalkulacijakorekcija.cpp(1598,61): warning C4100: 'str': unreferenced formal parameter
  qkalkulacijavnes.cpp
D:\REPO\SternaLite\sterna\qkalkulacijalagerlista.cpp(25,6): warning C4101: 'fieldNo': unreferenced local variable
D:\REPO\SternaLite\sterna\qkalkulacijalagerlista.cpp(64,8): warning C4189: 'vkSaldoNab': local variable is initialized but not referenced
D:\REPO\SternaLite\sterna\qkalkulacijalagerlista.cpp(156,79): warning C4100: 'modelY': unreferenced formal parameter
  qkarticawidget.cpp
D:\REPO\SternaLite\sterna\qkalkulacijalista.cpp(108,8): warning C4189: 'mDDV': local variable is initialized but not referenced
D:\REPO\SternaLite\sterna\qkalkulacijalista.cpp(107,8): warning C4189: 'mIznos': local variable is initialized but not referenced
D:\REPO\SternaLite\sterna\qkalkulacijalista.cpp(54,6): warning C4101: 'fieldNo': unreferenced local variable
D:\REPO\SternaLite\sterna\qkalkulacijalista.cpp(205,74): warning C4100: 'modelY': unreferenced formal parameter
D:\REPO\SternaLite\sterna\qkalkulacijalista.cpp(229,6): warning C4101: 'fieldNo': unreferenced local variable
D:\REPO\SternaLite\sterna\qkalkulacijalista.cpp(264,6): warning C4189: 'row': local variable is initialized but not referenced
D:\REPO\SternaLite\sterna\qkalkulacijalista.cpp(364,11): warning C4189: 'nabCenabezDDV': local variable is initialized but not referenced
D:\REPO\SternaLite\sterna\qkalkulacijalista.cpp(363,11): warning C4189: 'prenesenDDVIznos': local variable is initialized but not referenced
D:\REPO\SternaLite\sterna\qkalkulacijalista.cpp(388,11): warning C4189: 'nabCenabezDDV': local variable is initialized but not referenced
D:\REPO\SternaLite\sterna\qkalkulacijalista.cpp(393,11): warning C4189: 'vkupnoNabPlusDDV': local variable is initialized but not referenced
D:\REPO\SternaLite\sterna\qkalkulacijalista.cpp(387,11): warning C4189: 'prenesenDDVIznos': local variable is initialized but not referenced
D:\REPO\SternaLite\sterna\qkalkulacijalista.cpp(409,11): warning C4189: 'nabCenabezDDV': local variable is initialized but not referenced
D:\REPO\SternaLite\sterna\qkalkulacijalista.cpp(414,11): warning C4189: 'vkupnoNabPlusDDV': local variable is initialized but not referenced
D:\REPO\SternaLite\sterna\qkalkulacijalista.cpp(419,11): warning C4189: 'vkupnoProdSoDDV': local variable is initialized but not referenced
D:\REPO\SternaLite\sterna\qkalkulacijalista.cpp(408,11): warning C4189: 'prenesenDDVIznos': local variable is initialized but not referenced
D:\REPO\SternaLite\sterna\qkalkulacijalista.cpp(435,11): warning C4189: 'nabCenabezDDV': local variable is initialized but not referenced
D:\REPO\SternaLite\sterna\qkalkulacijalista.cpp(445,11): warning C4189: 'prodCenaBezDDV': local variable is initialized but not referenced
D:\REPO\SternaLite\sterna\qkalkulacijalista.cpp(438,11): warning C4189: 'vkupnoNabPlusDDV': local variable is initialized but not referenced
D:\REPO\SternaLite\sterna\qkalkulacijalista.cpp(443,11): warning C4189: 'vkupnoProdSoDDV': local variable is initialized but not referenced
D:\REPO\SternaLite\sterna\qkalkulacijalista.cpp(434,11): warning C4189: 'prenesenDDVIznos': local variable is initialized but not referenced
D:\REPO\SternaLite\sterna\qkalkulacijalista.cpp(493,55): warning C4100: 'b': unreferenced formal parameter
D:\REPO\SternaLite\sterna\qkalkulacijalista.cpp(498,62): warning C4100: 'b': unreferenced formal parameter
D:\REPO\SternaLite\sterna\qkalkulacijalista.cpp(508,39): warning C4100: 'idDok': unreferenced formal parameter
D:\REPO\SternaLite\sterna\qkalkulacijalista.cpp(582,7): warning C4189: 'stop': local variable is initialized but not referenced
D:\REPO\SternaLite\sterna\qkalkulacijalista.cpp(603,9): warning C4189: 'stop': local variable is initialized but not referenced
  qkartici.cpp
  qkasakorekcija.cpp
D:\REPO\SternaLite\sterna\qkalkulacijavnes.cpp(295,8): warning C4189: 'stop': local variable is initialized but not referenced
D:\REPO\SternaLite\sterna\qkalkulacijavnes.cpp(557,54): warning C4100: 'b': unreferenced formal parameter
D:\REPO\SternaLite\sterna\qkalkulacijavnes.cpp(562,72): warning C4100: 'modelY': unreferenced formal parameter
D:\REPO\SternaLite\sterna\qkalkulacijavnes.cpp(650,9): warning C4189: 'mid': local variable is initialized but not referenced
D:\REPO\SternaLite\sterna\qkalkulacijavnes.cpp(660,13): warning C4189: 'row': local variable is initialized but not referenced
D:\REPO\SternaLite\sterna\qkalkulacijavnes.cpp(640,6): warning C4189: 'cols': local variable is initialized but not referenced
D:\REPO\SternaLite\sterna\qkalkulacijavnes.cpp(696,17): warning C4189: 'mMagacinTip': local variable is initialized but not referenced
D:\REPO\SternaLite\sterna\qkalkulacijavnes.cpp(749,9): warning C4189: 'fieldNo': local variable is initialized but not referenced
D:\REPO\SternaLite\sterna\qkalkulacijavnes.cpp(1224,6): warning C4101: 'fieldNo': unreferenced local variable
D:\REPO\SternaLite\sterna\qkalkulacijavnes.cpp(1222,6): warning C4189: 'r': local variable is initialized but not referenced
D:\REPO\SternaLite\sterna\qkalkulacijavnes.cpp(1330,56): warning C4100: 'str': unreferenced formal parameter
  qkasalista.cpp
  qkasavnes.cpp
  qkomintentianalitika.cpp
D:\REPO\SternaLite\sterna\qkasakorekcija.cpp(265,70): warning C4100: 'modelY': unreferenced formal parameter
D:\REPO\SternaLite\sterna\qkasakorekcija.cpp(404,9): warning C4189: 'cols': local variable is initialized but not referenced
D:\REPO\SternaLite\sterna\qkasakorekcija.cpp(501,9): warning C4189: 'fieldNo': local variable is initialized but not referenced
  qkomintentianalitikawidget.cpp
D:\REPO\SternaLite\sterna\qkasalista.cpp(128,67): warning C4100: 'modelY': unreferenced formal parameter
  qkomintentikorekcija.cpp
  qkomintentilista.cpp
D:\REPO\SternaLite\sterna\qkomintentianalitikawidget.cpp(270,83): warning C4100: 'modelY': unreferenced formal parameter
D:\REPO\SternaLite\sterna\qkomintentianalitikawidget.cpp(701,8): warning C4189: 'sumaDDV': local variable is initialized but not referenced
D:\REPO\SternaLite\sterna\qkomintentianalitikawidget.cpp(764,8): warning C4189: 'sumaDDV': local variable is initialized but not referenced
D:\REPO\SternaLite\sterna\qkomintentianalitikawidget.cpp(826,8): warning C4189: 'sumaDDV': local variable is initialized but not referenced
D:\REPO\SternaLite\sterna\qkomintentianalitikawidget.cpp(888,8): warning C4189: 'sumaDDV': local variable is initialized but not referenced
D:\REPO\SternaLite\sterna\qkasavnes.cpp(261,65): warning C4100: 'modelY': unreferenced formal parameter
D:\REPO\SternaLite\sterna\qkasavnes.cpp(310,6): warning C4189: 'cols': local variable is initialized but not referenced
D:\REPO\SternaLite\sterna\qkasavnes.cpp(324,13): warning C4189: 'fieldNo': local variable is initialized but not referenced
D:\REPO\SternaLite\sterna\qkasavnes.cpp(329,13): warning C4189: 'row': local variable is initialized but not referenced
D:\REPO\SternaLite\sterna\qkasavnes.cpp(425,9): warning C4189: 'fieldNo': local variable is initialized but not referenced
  qkomintentivnes.cpp
  qlager.cpp
  qlagerwidget.cpp
D:\REPO\SternaLite\sterna\qkomintentilista.cpp(55,9): warning C4101: 'fieldNo': unreferenced local variable
D:\REPO\SternaLite\sterna\qkomintentilista.cpp(113,54): warning C4100: 'b': unreferenced formal parameter
D:\REPO\SternaLite\sterna\qkomintentilista.cpp(128,73): warning C4100: 'modelY': unreferenced formal parameter
  qleft.cpp
  qmyEmploye.cpp
  qmyartikli.cpp
D:\REPO\SternaLite\sterna\qlagerwidget.cpp(49,9): warning C4101: 'fieldNo': unreferenced local variable
D:\REPO\SternaLite\sterna\qlagerwidget.cpp(94,8): warning C4189: 'vkSaldoNab': local variable is initialized but not referenced
D:\REPO\SternaLite\sterna\qlagerwidget.cpp(237,69): warning C4100: 'modelY': unreferenced formal parameter
D:\REPO\SternaLite\sterna\qlagerwidget.cpp(261,21): warning C4189: 'stop': local variable is initialized but not referenced
  qmyartiklilista.cpp
D:\REPO\SternaLite\sterna\qleft.cpp(101,39): warning C4100: 'event': unreferenced formal parameter
  qmybaseformwidget.cpp
D:\REPO\SternaLite\sterna\qmyartiklilista.cpp(146,53): warning C4100: 'b': unreferenced formal parameter
D:\REPO\SternaLite\sterna\qmyartiklilista.cpp(166,72): warning C4100: 'modelY': unreferenced formal parameter
D:\REPO\SternaLite\sterna\qmyartiklilista.cpp(280,9): warning C4189: 'stop': local variable is initialized but not referenced
  qmybasewidget.cpp
D:\REPO\SternaLite\sterna\qmybaseformwidget.cpp(35,61): warning C4100: 'event': unreferenced formal parameter
D:\REPO\SternaLite\sterna\qmybaseformwidget.cpp(56,52): warning C4100: 'event': unreferenced formal parameter
  qmyfaktmaster.cpp
  qmyfakturi.cpp
  qmyispratnici.cpp
  qmyizjava.cpp
  qmykalkulacija.cpp
  qmykasa.cpp
  qmykomintenti.cpp
D:\REPO\SternaLite\sterna\qmyizjava.cpp(162,91): warning C4100: 'textName': unreferenced formal parameter
D:\REPO\SternaLite\sterna\qmyizjava.cpp(162,75): warning C4100: 'text9': unreferenced formal parameter
D:\REPO\SternaLite\sterna\qmyizjava.cpp(162,59): warning C4100: 'text8': unreferenced formal parameter
D:\REPO\SternaLite\sterna\qmyizjava.cpp(162,43): warning C4100: 'text6': unreferenced formal parameter
  qmyodobrenie.cpp
D:\REPO\SternaLite\sterna\qmykasa.cpp(166,87): warning C4100: 'textName': unreferenced formal parameter
D:\REPO\SternaLite\sterna\qmykasa.cpp(166,71): warning C4100: 'text9': unreferenced formal parameter
D:\REPO\SternaLite\sterna\qmykasa.cpp(166,55): warning C4100: 'text8': unreferenced formal parameter
D:\REPO\SternaLite\sterna\qmykasa.cpp(166,39): warning C4100: 'text6': unreferenced formal parameter
  qmypopismaster.cpp
  qmyporackismetki.cpp
D:\REPO\SternaLite\sterna\qmyodobrenie.cpp(166,97): warning C4100: 'textName': unreferenced formal parameter
D:\REPO\SternaLite\sterna\qmyodobrenie.cpp(166,81): warning C4100: 'text9': unreferenced formal parameter
D:\REPO\SternaLite\sterna\qmyodobrenie.cpp(166,65): warning C4100: 'text8': unreferenced formal parameter
D:\REPO\SternaLite\sterna\qmyodobrenie.cpp(166,49): warning C4100: 'text6': unreferenced formal parameter
  qmypovratnica.cpp
  qmypovratnicamaster.cpp
  qmypriemnica.cpp
  qmyprofakturimaster.cpp
D:\REPO\SternaLite\sterna\qmypovratnica.cpp(175,99): warning C4100: 'textName': unreferenced formal parameter
D:\REPO\SternaLite\sterna\qmypovratnica.cpp(175,83): warning C4100: 'text9': unreferenced formal parameter
D:\REPO\SternaLite\sterna\qmypovratnica.cpp(175,67): warning C4100: 'text8': unreferenced formal parameter
D:\REPO\SternaLite\sterna\qmypovratnica.cpp(175,51): warning C4100: 'text6': unreferenced formal parameter
  qmysmetki.cpp
  qodobreniekorekcija.cpp
  qodobrenielista.cpp
  qodobrenievnes.cpp
D:\REPO\SternaLite\sterna\qodobreniekorekcija.cpp(265,75): warning C4100: 'modelY': unreferenced formal parameter
D:\REPO\SternaLite\sterna\qodobreniekorekcija.cpp(406,9): warning C4189: 'cols': local variable is initialized but not referenced
D:\REPO\SternaLite\sterna\qodobreniekorekcija.cpp(506,9): warning C4189: 'fieldNo': local variable is initialized but not referenced
  qperiodicenizvestaj.cpp
  qperiodicenizvestajwidget.cpp
D:\REPO\SternaLite\sterna\qodobrenielista.cpp(73,9): warning C4101: 'fieldNo': unreferenced local variable
D:\REPO\SternaLite\sterna\qodobrenielista.cpp(197,72): warning C4100: 'modelY': unreferenced formal parameter
  qporackismetkikorekcija.cpp
D:\REPO\SternaLite\sterna\qperiodicenizvestaj.cpp(114,54): warning C4100: 'text': unreferenced formal parameter
  qporackismetkilista.cpp
D:\REPO\SternaLite\sterna\qperiodicenizvestajwidget.cpp(54,6): warning C4101: 'fieldNo': unreferenced local variable
D:\REPO\SternaLite\sterna\qperiodicenizvestajwidget.cpp(205,82): warning C4100: 'modelY': unreferenced formal parameter
D:\REPO\SternaLite\sterna\qperiodicenizvestajwidget.cpp(226,21): warning C4189: 'stop': local variable is initialized but not referenced
D:\REPO\SternaLite\sterna\qodobrenievnes.cpp(261,70): warning C4100: 'modelY': unreferenced formal parameter
D:\REPO\SternaLite\sterna\qodobrenievnes.cpp(310,6): warning C4189: 'cols': local variable is initialized but not referenced
D:\REPO\SternaLite\sterna\qodobrenievnes.cpp(324,13): warning C4189: 'fieldNo': local variable is initialized but not referenced
D:\REPO\SternaLite\sterna\qodobrenievnes.cpp(329,13): warning C4189: 'row': local variable is initialized but not referenced
D:\REPO\SternaLite\sterna\qodobrenievnes.cpp(427,9): warning C4189: 'fieldNo': local variable is initialized but not referenced
  qporackismetkivnes.cpp
D:\REPO\SternaLite\sterna\qporackismetkikorekcija.cpp(535,79): warning C4100: 'modelY': unreferenced formal parameter
D:\REPO\SternaLite\sterna\qporackismetkikorekcija.cpp(608,6): warning C4101: 'fieldNo': unreferenced local variable
D:\REPO\SternaLite\sterna\qporackismetkikorekcija.cpp(606,9): warning C4189: 'r': local variable is initialized but not referenced
D:\REPO\SternaLite\sterna\qporackismetkikorekcija.cpp(721,6): warning C4189: 'mid': local variable is initialized but not referenced
D:\REPO\SternaLite\sterna\qporackismetkikorekcija.cpp(714,6): warning C4189: 'cols': local variable is initialized but not referenced
D:\REPO\SternaLite\sterna\qporackismetkikorekcija.cpp(859,9): warning C4189: 'fieldNo': local variable is initialized but not referenced
  qpovratnicakorekcija.cpp
  qpovratnicalista.cpp
D:\REPO\SternaLite\sterna\qporackismetkilista.cpp(85,9): warning C4101: 'fieldNo': unreferenced local variable
D:\REPO\SternaLite\sterna\qporackismetkilista.cpp(285,76): warning C4100: 'modelY': unreferenced formal parameter
D:\REPO\SternaLite\sterna\qporackismetkilista.cpp(285,56): warning C4100: 'modelX': unreferenced formal parameter
D:\REPO\SternaLite\sterna\qporackismetkilista.cpp(500,7): warning C4189: 'stop': local variable is initialized but not referenced
  qpovratnicavnes.cpp
D:\REPO\SternaLite\sterna\qpovratnicakorekcija.cpp(278,76): warning C4100: 'modelY': unreferenced formal parameter
D:\REPO\SternaLite\sterna\qpovratnicakorekcija.cpp(436,9): warning C4189: 'cols': local variable is initialized but not referenced
D:\REPO\SternaLite\sterna\qpovratnicakorekcija.cpp(566,9): warning C4189: 'fieldNo': local variable is initialized but not referenced
  qpriemnicakorekcija.cpp
D:\REPO\SternaLite\sterna\qpovratnicalista.cpp(74,9): warning C4101: 'fieldNo': unreferenced local variable
D:\REPO\SternaLite\sterna\qpovratnicalista.cpp(211,73): warning C4100: 'modelY': unreferenced formal parameter
D:\REPO\SternaLite\sterna\qporackismetkivnes.cpp(546,74): warning C4100: 'modelY': unreferenced formal parameter
D:\REPO\SternaLite\sterna\qporackismetkivnes.cpp(605,6): warning C4189: 'cols': local variable is initialized but not referenced
D:\REPO\SternaLite\sterna\qporackismetkivnes.cpp(619,7): warning C4189: 'fieldNo': local variable is initialized but not referenced
D:\REPO\SternaLite\sterna\qporackismetkivnes.cpp(624,7): warning C4189: 'row': local variable is initialized but not referenced
D:\REPO\SternaLite\sterna\qporackismetkivnes.cpp(790,9): warning C4189: 'fieldNo': local variable is initialized but not referenced
  qpriemnicalista.cpp
  qpriemnicavnes.cpp
D:\REPO\SternaLite\sterna\qpriemnicakorekcija.cpp(230,75): warning C4100: 'modelY': unreferenced formal parameter
D:\REPO\SternaLite\sterna\qpriemnicakorekcija.cpp(389,13): warning C4189: 'cols': local variable is initialized but not referenced
D:\REPO\SternaLite\sterna\qpriemnicakorekcija.cpp(486,9): warning C4189: 'fieldNo': local variable is initialized but not referenced
D:\REPO\SternaLite\sterna\qpovratnicavnes.cpp(277,71): warning C4100: 'modelY': unreferenced formal parameter
D:\REPO\SternaLite\sterna\qpovratnicavnes.cpp(326,6): warning C4189: 'cols': local variable is initialized but not referenced
D:\REPO\SternaLite\sterna\qpovratnicavnes.cpp(340,13): warning C4189: 'fieldNo': local variable is initialized but not referenced
D:\REPO\SternaLite\sterna\qpovratnicavnes.cpp(349,13): warning C4189: 'row': local variable is initialized but not referenced
D:\REPO\SternaLite\sterna\qpovratnicavnes.cpp(466,9): warning C4189: 'fieldNo': local variable is initialized but not referenced
D:\REPO\SternaLite\sterna\qpriemnicalista.cpp(96,72): warning C4100: 'modelY': unreferenced formal parameter
  qprofakturakorekcija.cpp
  qprofakturalista.cpp
  qprofakturavnes.cpp
D:\REPO\SternaLite\sterna\qpriemnicavnes.cpp(226,70): warning C4100: 'modelY': unreferenced formal parameter
D:\REPO\SternaLite\sterna\qpriemnicavnes.cpp(279,6): warning C4189: 'cols': local variable is initialized but not referenced
D:\REPO\SternaLite\sterna\qpriemnicavnes.cpp(293,13): warning C4189: 'fieldNo': local variable is initialized but not referenced
D:\REPO\SternaLite\sterna\qpriemnicavnes.cpp(302,7): warning C4189: 'row': local variable is initialized but not referenced
D:\REPO\SternaLite\sterna\qpriemnicavnes.cpp(390,9): warning C4189: 'fieldNo': local variable is initialized but not referenced
  qprofakturi.cpp
D:\REPO\SternaLite\sterna\qprofakturakorekcija.cpp(74,7): warning C4189: 'r': local variable is initialized but not referenced
D:\REPO\SternaLite\sterna\qprofakturakorekcija.cpp(114,76): warning C4100: 'modelY': unreferenced formal parameter
D:\REPO\SternaLite\sterna\qprofakturakorekcija.cpp(169,6): warning C4189: 'row': local variable is initialized but not referenced
D:\REPO\SternaLite\sterna\qprofakturakorekcija.cpp(197,9): warning C4189: 'cols': local variable is initialized but not referenced
D:\REPO\SternaLite\sterna\qprofakturalista.cpp(73,73): warning C4100: 'modelY': unreferenced formal parameter
  qprofakturimasterkorekcija.cpp
D:\REPO\SternaLite\sterna\qprofakturavnes.cpp(101,7): warning C4189: 'r': local variable is initialized but not referenced
D:\REPO\SternaLite\sterna\qprofakturavnes.cpp(174,9): warning C4189: 'cols': local variable is initialized but not referenced
D:\REPO\SternaLite\sterna\qprofakturavnes.cpp(190,13): warning C4189: 'row': local variable is initialized but not referenced
D:\REPO\SternaLite\sterna\qprofakturavnes.cpp(188,14): warning C4189: 'r': local variable is initialized but not referenced
D:\REPO\SternaLite\sterna\qprofakturavnes.cpp(266,71): warning C4100: 'modelY': unreferenced formal parameter
  qprofakturimasterlista.cpp
  qprofakturimastervnes.cpp
  qpromenaceni.cpp
D:\REPO\SternaLite\sterna\qprofakturimasterkorekcija.cpp(118,6): warning C4189: 'stop': local variable is initialized but not referenced
D:\REPO\SternaLite\sterna\qprofakturimasterkorekcija.cpp(355,89): warning C4100: 'modelY': unreferenced formal parameter
D:\REPO\SternaLite\sterna\qprofakturimasterlista.cpp(79,9): warning C4101: 'fieldNo': unreferenced local variable
D:\REPO\SternaLite\sterna\qprofakturimasterlista.cpp(239,86): warning C4100: 'modelY': unreferenced formal parameter
D:\REPO\SternaLite\sterna\qprofakturimasterlista.cpp(239,66): warning C4100: 'modelX': unreferenced formal parameter
D:\REPO\SternaLite\sterna\qprofakturimasterkorekcija.cpp(559,9): warning C4189: 'cols': local variable is initialized but not referenced
D:\REPO\SternaLite\sterna\qprofakturimasterkorekcija.cpp(668,9): warning C4189: 'fieldNo': local variable is initialized but not referenced
D:\REPO\SternaLite\sterna\qprofakturimasterlista.cpp(432,7): warning C4189: 'stop': local variable is initialized but not referenced
  qpromenaceniwidget.cpp
  qsearchform.cpp
  qsearchformfaktura.cpp
D:\REPO\SternaLite\sterna\qprofakturimastervnes.cpp(109,6): warning C4189: 'stop': local variable is initialized but not referenced
D:\REPO\SternaLite\sterna\qprofakturimastervnes.cpp(353,84): warning C4100: 'modelY': unreferenced formal parameter
D:\REPO\SternaLite\sterna\qprofakturimastervnes.cpp(420,6): warning C4189: 'cols': local variable is initialized but not referenced
D:\REPO\SternaLite\sterna\qprofakturimastervnes.cpp(434,13): warning C4189: 'fieldNo': local variable is initialized but not referenced
D:\REPO\SternaLite\sterna\qprofakturimastervnes.cpp(439,13): warning C4189: 'row': local variable is initialized but not referenced
D:\REPO\SternaLite\sterna\qprofakturimastervnes.cpp(546,9): warning C4189: 'fieldNo': local variable is initialized but not referenced
  qstablewidgetdelegate.cpp
  quserform.cpp
D:\REPO\SternaLite\sterna\qpromenaceniwidget.cpp(39,47): warning C4100: 'nameSearch': unreferenced formal parameter
D:\REPO\SternaLite\sterna\qpromenaceniwidget.cpp(91,8): warning C4189: 'staraProdCena': local variable is initialized but not referenced
D:\REPO\SternaLite\sterna\qpromenaceniwidget.cpp(44,9): warning C4101: 'fieldNo': unreferenced local variable
D:\REPO\SternaLite\sterna\qpromenaceniwidget.cpp(81,8): warning C4189: 'vkVlezKol': local variable is initialized but not referenced
D:\REPO\SternaLite\sterna\qpromenaceniwidget.cpp(83,8): warning C4189: 'vkSaldo': local variable is initialized but not referenced
D:\REPO\SternaLite\sterna\qpromenaceniwidget.cpp(84,8): warning C4189: 'vkSaldoNab': local variable is initialized but not referenced
D:\REPO\SternaLite\sterna\qpromenaceniwidget.cpp(269,75): warning C4100: 'modelY': unreferenced formal parameter
D:\REPO\SternaLite\sterna\qpromenaceniwidget.cpp(292,21): warning C4189: 'stop': local variable is initialized but not referenced
  sterna.cpp
  xx.cpp
D:\REPO\SternaLite\sterna\sterna.cpp(1934,7): warning C4189: 'stop': local variable is initialized but not referenced
D:\REPO\SternaLite\sterna\sterna.cpp(1971,7): warning C4189: 'stop': local variable is initialized but not referenced
D:\REPO\SternaLite\sterna\sterna.cpp(1989,7): warning C4189: 'stop': local variable is initialized but not referenced
D:\REPO\SternaLite\sterna\sterna.cpp(2007,7): warning C4189: 'stop': local variable is initialized but not referenced
D:\REPO\SternaLite\sterna\sterna.cpp(2024,7): warning C4189: 'stop': local variable is initialized but not referenced
D:\REPO\SternaLite\sterna\sterna.cpp(2030,6): warning C4189: 'stop': local variable is initialized but not referenced
D:\REPO\SternaLite\sterna\sterna.cpp(2054,6): warning C4189: 'stop': local variable is initialized but not referenced
D:\REPO\SternaLite\sterna\sterna.cpp(2077,6): warning C4189: 'stop': local variable is initialized but not referenced
D:\REPO\SternaLite\sterna\sterna.cpp(2101,6): warning C4189: 'stop': local variable is initialized but not referenced
D:\REPO\SternaLite\sterna\sterna.cpp(2432,13): warning C4189: 'ret': local variable is initialized but not referenced
D:\REPO\SternaLite\sterna\sterna.cpp(2622,35): warning C4100: 'painter': unreferenced formal parameter
D:\REPO\SternaLite\sterna\sterna.cpp(2639,9): warning C4189: 'suma': local variable is initialized but not referenced
D:\REPO\SternaLite\sterna\sterna.cpp(2865,9): warning C4189: 'suma': local variable is initialized but not referenced
D:\REPO\SternaLite\sterna\sterna.cpp(3122,9): warning C4189: 'suma': local variable is initialized but not referenced
D:\REPO\SternaLite\sterna\sterna.cpp(3391,9): warning C4189: 'suma': local variable is initialized but not referenced
D:\REPO\SternaLite\sterna\sterna.cpp(3668,9): warning C4189: 'DDV5': local variable is initialized but not referenced
D:\REPO\SternaLite\sterna\sterna.cpp(3670,9): warning C4189: 'OsnovicaDDV5': local variable is initialized but not referenced
D:\REPO\SternaLite\sterna\sterna.cpp(3667,9): warning C4189: 'sumaDDV': local variable is initialized but not referenced
D:\REPO\SternaLite\sterna\sterna.cpp(3671,9): warning C4189: 'OsnovicaDDV18': local variable is initialized but not referenced
D:\REPO\SternaLite\sterna\sterna.cpp(3666,9): warning C4189: 'ddv': local variable is initialized but not referenced
D:\REPO\SternaLite\sterna\sterna.cpp(3665,9): warning C4189: 'suma': local variable is initialized but not referenced
D:\REPO\SternaLite\sterna\sterna.cpp(3669,9): warning C4189: 'DDV18': local variable is initialized but not referenced
D:\REPO\SternaLite\sterna\sterna.cpp(3749,10): warning C4189: 'DDV': local variable is initialized but not referenced
D:\REPO\SternaLite\sterna\sterna.cpp(3748,10): warning C4189: 'cenaDDV': local variable is initialized but not referenced
D:\REPO\SternaLite\sterna\sterna.cpp(3826,9): warning C4189: 'DDV5': local variable is initialized but not referenced
D:\REPO\SternaLite\sterna\sterna.cpp(3828,9): warning C4189: 'OsnovicaDDV5': local variable is initialized but not referenced
D:\REPO\SternaLite\sterna\sterna.cpp(3825,9): warning C4189: 'sumaDDV': local variable is initialized but not referenced
D:\REPO\SternaLite\sterna\sterna.cpp(3829,9): warning C4189: 'OsnovicaDDV18': local variable is initialized but not referenced
D:\REPO\SternaLite\sterna\sterna.cpp(3824,9): warning C4189: 'ddv': local variable is initialized but not referenced
D:\REPO\SternaLite\sterna\sterna.cpp(3823,9): warning C4189: 'suma': local variable is initialized but not referenced
D:\REPO\SternaLite\sterna\sterna.cpp(3827,9): warning C4189: 'DDV18': local variable is initialized but not referenced
D:\REPO\SternaLite\sterna\sterna.cpp(3899,10): warning C4189: 'DDV': local variable is initialized but not referenced
D:\REPO\SternaLite\sterna\sterna.cpp(3898,10): warning C4189: 'cenaDDV': local variable is initialized but not referenced
D:\REPO\SternaLite\sterna\sterna.cpp(3943,9): warning C4189: 'DDV5': local variable is initialized but not referenced
D:\REPO\SternaLite\sterna\sterna.cpp(3945,9): warning C4189: 'OsnovicaDDV5': local variable is initialized but not referenced
D:\REPO\SternaLite\sterna\sterna.cpp(3942,9): warning C4189: 'sumaDDV': local variable is initialized but not referenced
D:\REPO\SternaLite\sterna\sterna.cpp(3946,9): warning C4189: 'OsnovicaDDV18': local variable is initialized but not referenced
D:\REPO\SternaLite\sterna\sterna.cpp(3941,9): warning C4189: 'ddv': local variable is initialized but not referenced
D:\REPO\SternaLite\sterna\sterna.cpp(3940,9): warning C4189: 'suma': local variable is initialized but not referenced
D:\REPO\SternaLite\sterna\sterna.cpp(3944,9): warning C4189: 'DDV18': local variable is initialized but not referenced
D:\REPO\SternaLite\sterna\sterna.cpp(4016,10): warning C4189: 'DDV': local variable is initialized but not referenced
D:\REPO\SternaLite\sterna\sterna.cpp(4015,10): warning C4189: 'cenaDDV': local variable is initialized but not referenced
D:\REPO\SternaLite\sterna\sterna.cpp(4059,9): warning C4189: 'suma': local variable is initialized but not referenced
D:\REPO\SternaLite\sterna\sterna.cpp(4386,9): warning C4189: 'suma': local variable is initialized but not referenced
D:\REPO\SternaLite\sterna\sterna.cpp(4817,9): warning C4189: 'RabatIznos': local variable is initialized but not referenced
D:\REPO\SternaLite\sterna\sterna.cpp(4810,9): warning C4189: 'suma': local variable is initialized but not referenced
D:\REPO\SternaLite\sterna\sterna.cpp(5076,9): warning C4189: 'DDV5': local variable is initialized but not referenced
D:\REPO\SternaLite\sterna\sterna.cpp(5078,9): warning C4189: 'OsnovicaDDV5': local variable is initialized but not referenced
D:\REPO\SternaLite\sterna\sterna.cpp(5075,9): warning C4189: 'sumaDDV': local variable is initialized but not referenced
D:\REPO\SternaLite\sterna\sterna.cpp(5079,9): warning C4189: 'OsnovicaDDV18': local variable is initialized but not referenced
D:\REPO\SternaLite\sterna\sterna.cpp(5074,9): warning C4189: 'ddv': local variable is initialized but not referenced
D:\REPO\SternaLite\sterna\sterna.cpp(5073,9): warning C4189: 'suma': local variable is initialized but not referenced
D:\REPO\SternaLite\sterna\sterna.cpp(5077,9): warning C4189: 'DDV18': local variable is initialized but not referenced
D:\REPO\SternaLite\sterna\sterna.cpp(5149,10): warning C4189: 'DDV': local variable is initialized but not referenced
D:\REPO\SternaLite\sterna\sterna.cpp(5148,10): warning C4189: 'cenaDDV': local variable is initialized but not referenced
D:\REPO\SternaLite\sterna\sterna.cpp(5918,6): warning C4189: 'd': local variable is initialized but not referenced
D:\REPO\SternaLite\sterna\sterna.cpp(6444,17): warning C4189: 'resSif': local variable is initialized but not referenced
D:\REPO\SternaLite\sterna\sterna.cpp(6483,9): warning C4189: 'suma': local variable is initialized but not referenced
  qrc_sterna.cpp
  moc_chelperclass.cpp
  moc_qAnalitikaArtikli.cpp
  moc_qAnalitikaArtikliwidget.cpp
  moc_qAnalitikaKomintenti.cpp
  moc_qAnalitikaKomintentiwidget.cpp
  moc_qEmployekorekcija.cpp
  moc_qEmployelista.cpp
  moc_qEmployevnes.cpp
  moc_qFinAnalitikaKomintenti.cpp
  moc_qFinAnalitikaKomintentiwidget.cpp
  moc_qPriem.cpp
  moc_qPriemwidget.cpp
  moc_qartiklikorekcija.cpp
  moc_qartiklivnes.cpp
  moc_qbanki.cpp
  moc_qbankikorekcija.cpp
  moc_qbankilista.cpp
  moc_qbankivnes.cpp
  moc_qddv.cpp
  moc_qddvkorekcija.cpp
  moc_qddvlista.cpp
  moc_qddvvnes.cpp
  moc_qdnevenpromet.cpp
  moc_qdnevenprometwidget.cpp
  moc_qfakturikorekcija.cpp
  moc_qfakturilista.cpp
  moc_qfakturivlezni.cpp
  moc_qfakturivnes.cpp
  moc_qfiscalform.cpp
  moc_qizjavakorekcija.cpp
  moc_qizjavalista.cpp
  moc_qizjavavnes.cpp
  moc_qizleznifaktmasterkorekcija.cpp
  moc_qizleznifaktmasterlista.cpp
  moc_qizleznifaktmastervnes.cpp
  moc_qizleznifakturikorekcija.cpp
  moc_qizleznifakturilista.cpp
  moc_qizleznifakturivnes.cpp
  moc_qizlezniispratnicikorekcija.cpp
  moc_qizlezniispratnicilista.cpp
  moc_qizlezniispratnicivnes.cpp
  moc_qizleznipopismasterkorekcija.cpp
  moc_qizleznipopismasterlista.cpp
  moc_qizleznipopismastervnes.cpp
  moc_qizleznipovratnicamasterkorekcija.cpp
  moc_qizleznipovratnicamasterlista.cpp
  moc_qizleznipovratnicamastervnes.cpp
  moc_qizleznismetkikorekcija.cpp
  moc_qizleznismetkilista.cpp
  moc_qizleznismetkivnes.cpp
  moc_qizvestai.cpp
  moc_qizvestaiwidget.cpp
  moc_qizvod.cpp
  moc_qizvodkorekcija.cpp
  moc_qizvodlista.cpp
  moc_qizvodvnes.cpp
  moc_qkalkulacijakorekcija.cpp
  moc_qkalkulacijalagerlista.cpp
  moc_qkalkulacijalista.cpp
  moc_qkalkulacijavnes.cpp
  moc_qkarticawidget.cpp
  moc_qkartici.cpp
  moc_qkasakorekcija.cpp
  moc_qkasalista.cpp
  moc_qkasavnes.cpp
  moc_qkomintentianalitika.cpp
  moc_qkomintentianalitikawidget.cpp
  moc_qkomintentikorekcija.cpp
  moc_qkomintentilista.cpp
  moc_qkomintentivnes.cpp
  moc_qlager.cpp
  moc_qlagerwidget.cpp
  moc_qleft.cpp
  moc_qmyEmploye.cpp
  moc_qmyartikli.cpp
  moc_qmyartiklilista.cpp
  moc_qmybaseformwidget.cpp
  moc_qmybasewidget.cpp
  moc_qmyfaktmaster.cpp
  moc_qmyfakturi.cpp
  moc_qmyispratnici.cpp
  moc_qmyizjava.cpp
  moc_qmykalkulacija.cpp
  moc_qmykasa.cpp
  moc_qmykomintenti.cpp
  moc_qmyodobrenie.cpp
  moc_qmypopismaster.cpp
  moc_qmyporackismetki.cpp
  moc_qmypovratnica.cpp
  moc_qmypovratnicamaster.cpp
  moc_qmypriemnica.cpp
  moc_qmyprofakturimaster.cpp
  moc_qmysmetki.cpp
  moc_qodobreniekorekcija.cpp
  moc_qodobrenielista.cpp
  moc_qodobrenievnes.cpp
  moc_qperiodicenizvestaj.cpp
  moc_qperiodicenizvestajwidget.cpp
  moc_qporackismetkikorekcija.cpp
  moc_qporackismetkilista.cpp
  moc_qporackismetkivnes.cpp
  moc_qpovratnicakorekcija.cpp
  moc_qpovratnicalista.cpp
  moc_qpovratnicavnes.cpp
  moc_qpriemnicakorekcija.cpp
  moc_qpriemnicalista.cpp
  moc_qpriemnicavnes.cpp
  moc_qprofakturakorekcija.cpp
  moc_qprofakturalista.cpp
  moc_qprofakturavnes.cpp
  moc_qprofakturi.cpp
  moc_qprofakturimasterkorekcija.cpp
  moc_qprofakturimasterlista.cpp
  moc_qprofakturimastervnes.cpp
  moc_qpromenaceni.cpp
  moc_qpromenaceniwidget.cpp
  moc_qsearchform.cpp
  moc_qsearchformfaktura.cpp
  moc_qstablewidgetdelegate.cpp
  moc_quserform.cpp
  moc_sterna.cpp
  sterna.vcxproj -> D:\REPO\SternaLite\sterna\release\sterna_lite.exe
  'pwsh.exe' is not recognized as an internal or external command,
  operable program or batch file.
